<?xml version="1.0" encoding="utf-8"?>
<CoverageSession xmlns:xsd="http://www.w3.org/2001/XMLSchema" xmlns:xsi="http://www.w3.org/2001/XMLSchema-instance" Version="0.0.0.0">
  <Summary numSequencePoints="275" visitedSequencePoints="0" numBranchPoints="0" visitedBranchPoints="0" sequenceCoverage="0.0" branchCoverage="0.0" maxCyclomaticComplexity="0" minCyclomaticComplexity="0" maxCrapScore="0" minCrapScore="0" visitedClasses="0" numClasses="9" visitedMethods="0" numMethods="20" />
  <Modules>
    <Module>
      <Summary numSequencePoints="275" visitedSequencePoints="0" numBranchPoints="0" visitedBranchPoints="0" sequenceCoverage="0.0" branchCoverage="0.0" maxCyclomaticComplexity="0" minCyclomaticComplexity="0" maxCrapScore="0" minCrapScore="0" visitedClasses="0" numClasses="9" visitedMethods="0" numMethods="20" />
      <ModuleTime>0001-01-01T00:00:00</ModuleTime>
      <ModuleName>Assembly-CSharp</ModuleName>
      <Files>
        <File uid="1" fullPath="E:/MSC/Dissertation/Proposal/diss_prot/Assets/AStar/Scripts/PathfindingAlgorithms/AStar.cs" />
        <File uid="2" fullPath="E:/MSC/Dissertation/Proposal/diss_prot/Assets/AStar/Scripts/PathfindingAlgorithms/BLA.cs" />
        <File uid="3" fullPath="E:/MSC/Dissertation/Proposal/diss_prot/Assets/AStar/Scripts/PathfindingAlgorithms/GBFS.cs" />
        <File uid="4" fullPath="E:/MSC/Dissertation/Proposal/diss_prot/Assets/AStar/Scripts/PathfindingAlgorithms/ILS.cs" />
        <File uid="5" fullPath="E:/MSC/Dissertation/Proposal/diss_prot/Assets/AStar/Scripts/PathfindingAlgorithms/PathfindingEvaluator.cs" />
        <File uid="6" fullPath="E:/MSC/Dissertation/Proposal/diss_prot/Assets/AStar/Scripts/PathfindingAlgorithms/PathfindingManager.cs" />
      </Files>
      <Classes>
        <Class>
          <Summary numSequencePoints="51" visitedSequencePoints="0" numBranchPoints="0" visitedBranchPoints="0" sequenceCoverage="0.0" branchCoverage="0.0" maxCyclomaticComplexity="0" minCyclomaticComplexity="0" maxCrapScore="0" minCrapScore="0" visitedClasses="0" numClasses="1" visitedMethods="0" numMethods="2" />
          <FullName>AStar</FullName>
          <Methods>
            <Method visited="false" cyclomaticComplexity="0" nPathComplexity="0" sequenceCoverage="0.0" branchCoverage="0" crapScore="0" isConstructor="false" isStatic="true" isGetter="false" isSetter="false">
              <Summary numSequencePoints="12" visitedSequencePoints="0" numBranchPoints="0" visitedBranchPoints="0" sequenceCoverage="0.0" branchCoverage="0" maxCyclomaticComplexity="0" minCyclomaticComplexity="0" maxCrapScore="0" minCrapScore="0" visitedClasses="0" numClasses="0" visitedMethods="0" numMethods="1" />
              <MetadataToken>100663389</MetadataToken>
              <Name>static PathResult AStar::Navigate(Node, Node, System.Collections.Generic.HashSet[Node], System.Boolean)</Name>
              <FileRef uid="1" />
              <SequencePoints>
                <SequencePoint vc="0" uspid="1101" ordinal="0" offset="27" sl="13" sc="5" el="13" ec="5" bec="0" bev="0" fileid="1" />
                <SequencePoint vc="0" uspid="1102" ordinal="0" offset="28" sl="14" sc="9" el="14" ec="9" bec="0" bev="0" fileid="1" />
                <SequencePoint vc="0" uspid="1103" ordinal="0" offset="33" sl="15" sc="9" el="15" ec="9" bec="0" bev="0" fileid="1" />
                <SequencePoint vc="0" uspid="1104" ordinal="0" offset="34" sl="16" sc="13" el="16" ec="13" bec="0" bev="0" fileid="1" />
                <SequencePoint vc="0" uspid="1105" ordinal="0" offset="65" sl="17" sc="13" el="17" ec="13" bec="0" bev="0" fileid="1" />
                <SequencePoint vc="0" uspid="1106" ordinal="0" offset="75" sl="18" sc="13" el="18" ec="13" bec="0" bev="0" fileid="1" />
                <SequencePoint vc="0" uspid="1107" ordinal="0" offset="76" sl="19" sc="17" el="19" ec="17" bec="0" bev="0" fileid="1" />
                <SequencePoint vc="0" uspid="1108" ordinal="0" offset="88" sl="20" sc="17" el="20" ec="17" bec="0" bev="0" fileid="1" />
                <SequencePoint vc="0" uspid="1109" ordinal="0" offset="100" sl="21" sc="17" el="21" ec="17" bec="0" bev="0" fileid="1" />
                <SequencePoint vc="0" uspid="1110" ordinal="0" offset="105" sl="23" sc="13" el="23" ec="13" bec="0" bev="0" fileid="1" />
                <SequencePoint vc="0" uspid="1111" ordinal="0" offset="110" sl="25" sc="9" el="25" ec="9" bec="0" bev="0" fileid="1" />
                <SequencePoint vc="0" uspid="1112" ordinal="0" offset="142" sl="26" sc="5" el="26" ec="5" bec="0" bev="0" fileid="1" />
              </SequencePoints>
              <BranchPoints />
            </Method>
            <Method visited="false" cyclomaticComplexity="0" nPathComplexity="0" sequenceCoverage="0.0" branchCoverage="0" crapScore="0" isConstructor="false" isStatic="true" isGetter="false" isSetter="false">
              <Summary numSequencePoints="39" visitedSequencePoints="0" numBranchPoints="0" visitedBranchPoints="0" sequenceCoverage="0.0" branchCoverage="0" maxCyclomaticComplexity="0" minCyclomaticComplexity="0" maxCrapScore="0" minCrapScore="0" visitedClasses="0" numClasses="0" visitedMethods="0" numMethods="1" />
              <MetadataToken>100663390</MetadataToken>
              <Name>static PathResult AStar::FindPath(Node, Node, System.Collections.Generic.HashSet[Node])</Name>
              <FileRef uid="1" />
              <SequencePoints>
                <SequencePoint vc="0" uspid="1113" ordinal="0" offset="0" sl="29" sc="5" el="29" ec="5" bec="0" bev="0" fileid="1" />
                <SequencePoint vc="0" uspid="1114" ordinal="0" offset="1" sl="30" sc="9" el="30" ec="9" bec="0" bev="0" fileid="1" />
                <SequencePoint vc="0" uspid="1115" ordinal="0" offset="7" sl="31" sc="9" el="31" ec="9" bec="0" bev="0" fileid="1" />
                <SequencePoint vc="0" uspid="1116" ordinal="0" offset="13" sl="33" sc="9" el="33" ec="9" bec="0" bev="0" fileid="1" />
                <SequencePoint vc="0" uspid="1117" ordinal="0" offset="21" sl="34" sc="9" el="34" ec="9" bec="0" bev="0" fileid="1" />
                <SequencePoint vc="0" uspid="1118" ordinal="0" offset="32" sl="35" sc="9" el="35" ec="9" bec="0" bev="0" fileid="1" />
                <SequencePoint vc="0" uspid="1119" ordinal="0" offset="45" sl="36" sc="9" el="36" ec="9" bec="0" bev="0" fileid="1" />
                <SequencePoint vc="0" uspid="1120" ordinal="0" offset="69" sl="40" sc="9" el="40" ec="9" bec="0" bev="0" fileid="1" />
                <SequencePoint vc="0" uspid="1121" ordinal="0" offset="70" sl="42" sc="13" el="42" ec="13" bec="0" bev="0" fileid="1" />
                <SequencePoint vc="0" uspid="1122" ordinal="0" offset="77" sl="45" sc="13" el="45" ec="13" bec="0" bev="0" fileid="1" />
                <SequencePoint vc="0" uspid="1123" ordinal="0" offset="90" sl="46" sc="17" el="46" ec="17" bec="0" bev="0" fileid="1" />
                <SequencePoint vc="0" uspid="1124" ordinal="0" offset="98" sl="48" sc="13" el="48" ec="13" bec="0" bev="0" fileid="1" />
                <SequencePoint vc="0" uspid="1125" ordinal="0" offset="106" sl="51" sc="13" el="51" ec="13" bec="0" bev="0" fileid="1" />
                <SequencePoint vc="0" uspid="1126" ordinal="0" offset="119" sl="52" sc="13" el="52" ec="13" bec="0" bev="0" fileid="1" />
                <SequencePoint vc="0" uspid="1127" ordinal="0" offset="120" sl="53" sc="17" el="53" ec="17" bec="0" bev="0" fileid="1" />
                <SequencePoint vc="0" uspid="1128" ordinal="0" offset="142" sl="54" sc="17" el="54" ec="17" bec="0" bev="0" fileid="1" />
                <SequencePoint vc="0" uspid="1129" ordinal="0" offset="183" sl="63" sc="13" el="63" ec="13" bec="0" bev="0" fileid="1" />
                <SequencePoint vc="0" uspid="1130" ordinal="0" offset="190" sl="66" sc="13" el="66" ec="13" bec="0" bev="0" fileid="1" />
                <SequencePoint vc="0" uspid="1131" ordinal="0" offset="191" sl="66" sc="38" el="66" ec="38" bec="0" bev="0" fileid="1" />
                <SequencePoint vc="0" uspid="1132" ordinal="0" offset="204" sl="66" sc="22" el="66" ec="22" bec="0" bev="0" fileid="1" />
                <SequencePoint vc="0" uspid="1133" ordinal="0" offset="213" sl="67" sc="13" el="67" ec="13" bec="0" bev="0" fileid="1" />
                <SequencePoint vc="0" uspid="1134" ordinal="0" offset="214" sl="69" sc="17" el="69" ec="17" bec="0" bev="0" fileid="1" />
                <SequencePoint vc="0" uspid="1135" ordinal="0" offset="244" sl="70" sc="21" el="70" ec="21" bec="0" bev="0" fileid="1" />
                <SequencePoint vc="0" uspid="1136" ordinal="0" offset="249" sl="73" sc="17" el="73" ec="17" bec="0" bev="0" fileid="1" />
                <SequencePoint vc="0" uspid="1137" ordinal="0" offset="266" sl="77" sc="17" el="77" ec="17" bec="0" bev="0" fileid="1" />
                <SequencePoint vc="0" uspid="1138" ordinal="0" offset="297" sl="78" sc="17" el="78" ec="17" bec="0" bev="0" fileid="1" />
                <SequencePoint vc="0" uspid="1139" ordinal="0" offset="298" sl="79" sc="21" el="79" ec="21" bec="0" bev="0" fileid="1" />
                <SequencePoint vc="0" uspid="1140" ordinal="0" offset="307" sl="80" sc="21" el="80" ec="21" bec="0" bev="0" fileid="1" />
                <SequencePoint vc="0" uspid="1141" ordinal="0" offset="322" sl="81" sc="21" el="81" ec="21" bec="0" bev="0" fileid="1" />
                <SequencePoint vc="0" uspid="1142" ordinal="0" offset="344" sl="82" sc="21" el="82" ec="21" bec="0" bev="0" fileid="1" />
                <SequencePoint vc="0" uspid="1143" ordinal="0" offset="352" sl="85" sc="21" el="85" ec="21" bec="0" bev="0" fileid="1" />
                <SequencePoint vc="0" uspid="1144" ordinal="0" offset="369" sl="86" sc="25" el="86" ec="25" bec="0" bev="0" fileid="1" />
                <SequencePoint vc="0" uspid="1145" ordinal="0" offset="378" sl="87" sc="17" el="87" ec="17" bec="0" bev="0" fileid="1" />
                <SequencePoint vc="0" uspid="1146" ordinal="0" offset="379" sl="88" sc="13" el="88" ec="13" bec="0" bev="0" fileid="1" />
                <SequencePoint vc="0" uspid="1147" ordinal="0" offset="380" sl="66" sc="35" el="66" ec="35" bec="0" bev="0" fileid="1" />
                <SequencePoint vc="0" uspid="1148" ordinal="0" offset="409" sl="89" sc="9" el="89" ec="9" bec="0" bev="0" fileid="1" />
                <SequencePoint vc="0" uspid="1149" ordinal="0" offset="410" sl="39" sc="9" el="39" ec="9" bec="0" bev="0" fileid="1" />
                <SequencePoint vc="0" uspid="1150" ordinal="0" offset="428" sl="92" sc="9" el="92" ec="9" bec="0" bev="0" fileid="1" />
                <SequencePoint vc="0" uspid="1151" ordinal="0" offset="433" sl="93" sc="5" el="93" ec="5" bec="0" bev="0" fileid="1" />
              </SequencePoints>
              <BranchPoints />
            </Method>
          </Methods>
        </Class>
        <Class>
          <Summary numSequencePoints="99" visitedSequencePoints="0" numBranchPoints="0" visitedBranchPoints="0" sequenceCoverage="0.0" branchCoverage="0.0" maxCyclomaticComplexity="0" minCyclomaticComplexity="0" maxCrapScore="0" minCrapScore="0" visitedClasses="0" numClasses="1" visitedMethods="0" numMethods="2" />
          <FullName>BLA</FullName>
          <Methods>
            <Method visited="false" cyclomaticComplexity="0" nPathComplexity="0" sequenceCoverage="0.0" branchCoverage="0" crapScore="0" isConstructor="false" isStatic="true" isGetter="false" isSetter="false">
              <Summary numSequencePoints="88" visitedSequencePoints="0" numBranchPoints="0" visitedBranchPoints="0" sequenceCoverage="0.0" branchCoverage="0" maxCyclomaticComplexity="0" minCyclomaticComplexity="0" maxCrapScore="0" minCrapScore="0" visitedClasses="0" numClasses="0" visitedMethods="0" numMethods="1" />
              <MetadataToken>100663391</MetadataToken>
              <Name>static System.Collections.Generic.List[Vector3Int] BLA::GenerateLine(Node, Node)</Name>
              <FileRef uid="2" />
              <SequencePoints>
                <SequencePoint vc="0" uspid="1152" ordinal="0" offset="0" sl="19" sc="5" el="19" ec="5" bec="0" bev="0" fileid="2" />
                <SequencePoint vc="0" uspid="1153" ordinal="0" offset="1" sl="20" sc="9" el="20" ec="9" bec="0" bev="0" fileid="2" />
                <SequencePoint vc="0" uspid="1154" ordinal="0" offset="8" sl="21" sc="9" el="21" ec="9" bec="0" bev="0" fileid="2" />
                <SequencePoint vc="0" uspid="1155" ordinal="0" offset="15" sl="23" sc="9" el="23" ec="9" bec="0" bev="0" fileid="2" />
                <SequencePoint vc="0" uspid="1156" ordinal="0" offset="23" sl="23" sc="30" el="23" ec="30" bec="0" bev="0" fileid="2" />
                <SequencePoint vc="0" uspid="1157" ordinal="0" offset="31" sl="23" sc="47" el="23" ec="47" bec="0" bev="0" fileid="2" />
                <SequencePoint vc="0" uspid="1158" ordinal="0" offset="40" sl="24" sc="9" el="24" ec="9" bec="0" bev="0" fileid="2" />
                <SequencePoint vc="0" uspid="1159" ordinal="0" offset="49" sl="24" sc="28" el="24" ec="28" bec="0" bev="0" fileid="2" />
                <SequencePoint vc="0" uspid="1160" ordinal="0" offset="58" sl="24" sc="43" el="24" ec="43" bec="0" bev="0" fileid="2" />
                <SequencePoint vc="0" uspid="1161" ordinal="0" offset="67" sl="26" sc="9" el="26" ec="9" bec="0" bev="0" fileid="2" />
                <SequencePoint vc="0" uspid="1162" ordinal="0" offset="78" sl="27" sc="9" el="27" ec="9" bec="0" bev="0" fileid="2" />
                <SequencePoint vc="0" uspid="1163" ordinal="0" offset="89" sl="28" sc="9" el="28" ec="9" bec="0" bev="0" fileid="2" />
                <SequencePoint vc="0" uspid="1164" ordinal="0" offset="101" sl="30" sc="9" el="30" ec="9" bec="0" bev="0" fileid="2" />
                <SequencePoint vc="0" uspid="1165" ordinal="0" offset="112" sl="31" sc="9" el="31" ec="9" bec="0" bev="0" fileid="2" />
                <SequencePoint vc="0" uspid="1166" ordinal="0" offset="123" sl="32" sc="9" el="32" ec="9" bec="0" bev="0" fileid="2" />
                <SequencePoint vc="0" uspid="1167" ordinal="0" offset="135" sl="35" sc="9" el="35" ec="9" bec="0" bev="0" fileid="2" />
                <SequencePoint vc="0" uspid="1168" ordinal="0" offset="141" sl="36" sc="9" el="36" ec="9" bec="0" bev="0" fileid="2" />
                <SequencePoint vc="0" uspid="1169" ordinal="0" offset="147" sl="37" sc="9" el="37" ec="9" bec="0" bev="0" fileid="2" />
                <SequencePoint vc="0" uspid="1170" ordinal="0" offset="153" sl="40" sc="9" el="40" ec="9" bec="0" bev="0" fileid="2" />
                <SequencePoint vc="0" uspid="1171" ordinal="0" offset="173" sl="41" sc="9" el="41" ec="9" bec="0" bev="0" fileid="2" />
                <SequencePoint vc="0" uspid="1172" ordinal="0" offset="182" sl="42" sc="9" el="42" ec="9" bec="0" bev="0" fileid="2" />
                <SequencePoint vc="0" uspid="1173" ordinal="0" offset="199" sl="45" sc="9" el="45" ec="9" bec="0" bev="0" fileid="2" />
                <SequencePoint vc="0" uspid="1174" ordinal="0" offset="226" sl="46" sc="9" el="46" ec="9" bec="0" bev="0" fileid="2" />
                <SequencePoint vc="0" uspid="1175" ordinal="0" offset="227" sl="47" sc="13" el="47" ec="13" bec="0" bev="0" fileid="2" />
                <SequencePoint vc="0" uspid="1176" ordinal="0" offset="234" sl="48" sc="13" el="48" ec="13" bec="0" bev="0" fileid="2" />
                <SequencePoint vc="0" uspid="1177" ordinal="0" offset="243" sl="50" sc="13" el="50" ec="13" bec="0" bev="0" fileid="2" />
                <SequencePoint vc="0" uspid="1178" ordinal="0" offset="244" sl="51" sc="17" el="51" ec="17" bec="0" bev="0" fileid="2" />
                <SequencePoint vc="0" uspid="1179" ordinal="0" offset="249" sl="52" sc="17" el="52" ec="17" bec="0" bev="0" fileid="2" />
                <SequencePoint vc="0" uspid="1180" ordinal="0" offset="263" sl="52" sc="30" el="52" ec="30" bec="0" bev="0" fileid="2" />
                <SequencePoint vc="0" uspid="1181" ordinal="0" offset="264" sl="52" sc="32" el="52" ec="32" bec="0" bev="0" fileid="2" />
                <SequencePoint vc="0" uspid="1182" ordinal="0" offset="269" sl="52" sc="45" el="52" ec="45" bec="0" bev="0" fileid="2" />
                <SequencePoint vc="0" uspid="1183" ordinal="0" offset="276" sl="52" sc="60" el="52" ec="60" bec="0" bev="0" fileid="2" />
                <SequencePoint vc="0" uspid="1184" ordinal="0" offset="277" sl="53" sc="17" el="53" ec="17" bec="0" bev="0" fileid="2" />
                <SequencePoint vc="0" uspid="1185" ordinal="0" offset="291" sl="53" sc="30" el="53" ec="30" bec="0" bev="0" fileid="2" />
                <SequencePoint vc="0" uspid="1186" ordinal="0" offset="292" sl="53" sc="32" el="53" ec="32" bec="0" bev="0" fileid="2" />
                <SequencePoint vc="0" uspid="1187" ordinal="0" offset="299" sl="53" sc="45" el="53" ec="45" bec="0" bev="0" fileid="2" />
                <SequencePoint vc="0" uspid="1188" ordinal="0" offset="306" sl="53" sc="60" el="53" ec="60" bec="0" bev="0" fileid="2" />
                <SequencePoint vc="0" uspid="1189" ordinal="0" offset="307" sl="54" sc="17" el="54" ec="17" bec="0" bev="0" fileid="2" />
                <SequencePoint vc="0" uspid="1190" ordinal="0" offset="314" sl="55" sc="17" el="55" ec="17" bec="0" bev="0" fileid="2" />
                <SequencePoint vc="0" uspid="1191" ordinal="0" offset="321" sl="56" sc="17" el="56" ec="17" bec="0" bev="0" fileid="2" />
                <SequencePoint vc="0" uspid="1192" ordinal="0" offset="338" sl="57" sc="13" el="57" ec="13" bec="0" bev="0" fileid="2" />
                <SequencePoint vc="0" uspid="1193" ordinal="0" offset="339" sl="49" sc="13" el="49" ec="13" bec="0" bev="0" fileid="2" />
                <SequencePoint vc="0" uspid="1194" ordinal="0" offset="353" sl="58" sc="9" el="58" ec="9" bec="0" bev="0" fileid="2" />
                <SequencePoint vc="0" uspid="1195" ordinal="0" offset="359" sl="60" sc="14" el="60" ec="14" bec="0" bev="0" fileid="2" />
                <SequencePoint vc="0" uspid="1196" ordinal="0" offset="386" sl="61" sc="9" el="61" ec="9" bec="0" bev="0" fileid="2" />
                <SequencePoint vc="0" uspid="1197" ordinal="0" offset="387" sl="62" sc="13" el="62" ec="13" bec="0" bev="0" fileid="2" />
                <SequencePoint vc="0" uspid="1198" ordinal="0" offset="394" sl="63" sc="13" el="63" ec="13" bec="0" bev="0" fileid="2" />
                <SequencePoint vc="0" uspid="1199" ordinal="0" offset="403" sl="65" sc="13" el="65" ec="13" bec="0" bev="0" fileid="2" />
                <SequencePoint vc="0" uspid="1200" ordinal="0" offset="404" sl="66" sc="17" el="66" ec="17" bec="0" bev="0" fileid="2" />
                <SequencePoint vc="0" uspid="1201" ordinal="0" offset="409" sl="67" sc="17" el="67" ec="17" bec="0" bev="0" fileid="2" />
                <SequencePoint vc="0" uspid="1202" ordinal="0" offset="423" sl="67" sc="30" el="67" ec="30" bec="0" bev="0" fileid="2" />
                <SequencePoint vc="0" uspid="1203" ordinal="0" offset="424" sl="67" sc="32" el="67" ec="32" bec="0" bev="0" fileid="2" />
                <SequencePoint vc="0" uspid="1204" ordinal="0" offset="429" sl="67" sc="45" el="67" ec="45" bec="0" bev="0" fileid="2" />
                <SequencePoint vc="0" uspid="1205" ordinal="0" offset="436" sl="67" sc="60" el="67" ec="60" bec="0" bev="0" fileid="2" />
                <SequencePoint vc="0" uspid="1206" ordinal="0" offset="437" sl="68" sc="17" el="68" ec="17" bec="0" bev="0" fileid="2" />
                <SequencePoint vc="0" uspid="1207" ordinal="0" offset="451" sl="68" sc="30" el="68" ec="30" bec="0" bev="0" fileid="2" />
                <SequencePoint vc="0" uspid="1208" ordinal="0" offset="452" sl="68" sc="32" el="68" ec="32" bec="0" bev="0" fileid="2" />
                <SequencePoint vc="0" uspid="1209" ordinal="0" offset="459" sl="68" sc="45" el="68" ec="45" bec="0" bev="0" fileid="2" />
                <SequencePoint vc="0" uspid="1210" ordinal="0" offset="466" sl="68" sc="60" el="68" ec="60" bec="0" bev="0" fileid="2" />
                <SequencePoint vc="0" uspid="1211" ordinal="0" offset="467" sl="69" sc="17" el="69" ec="17" bec="0" bev="0" fileid="2" />
                <SequencePoint vc="0" uspid="1212" ordinal="0" offset="474" sl="70" sc="17" el="70" ec="17" bec="0" bev="0" fileid="2" />
                <SequencePoint vc="0" uspid="1213" ordinal="0" offset="481" sl="71" sc="17" el="71" ec="17" bec="0" bev="0" fileid="2" />
                <SequencePoint vc="0" uspid="1214" ordinal="0" offset="498" sl="72" sc="13" el="72" ec="13" bec="0" bev="0" fileid="2" />
                <SequencePoint vc="0" uspid="1215" ordinal="0" offset="499" sl="64" sc="13" el="64" ec="13" bec="0" bev="0" fileid="2" />
                <SequencePoint vc="0" uspid="1216" ordinal="0" offset="513" sl="73" sc="9" el="73" ec="9" bec="0" bev="0" fileid="2" />
                <SequencePoint vc="0" uspid="1217" ordinal="0" offset="519" sl="76" sc="9" el="76" ec="9" bec="0" bev="0" fileid="2" />
                <SequencePoint vc="0" uspid="1218" ordinal="0" offset="520" sl="77" sc="13" el="77" ec="13" bec="0" bev="0" fileid="2" />
                <SequencePoint vc="0" uspid="1219" ordinal="0" offset="527" sl="78" sc="13" el="78" ec="13" bec="0" bev="0" fileid="2" />
                <SequencePoint vc="0" uspid="1220" ordinal="0" offset="536" sl="80" sc="13" el="80" ec="13" bec="0" bev="0" fileid="2" />
                <SequencePoint vc="0" uspid="1221" ordinal="0" offset="537" sl="81" sc="17" el="81" ec="17" bec="0" bev="0" fileid="2" />
                <SequencePoint vc="0" uspid="1222" ordinal="0" offset="544" sl="82" sc="17" el="82" ec="17" bec="0" bev="0" fileid="2" />
                <SequencePoint vc="0" uspid="1223" ordinal="0" offset="558" sl="82" sc="30" el="82" ec="30" bec="0" bev="0" fileid="2" />
                <SequencePoint vc="0" uspid="1224" ordinal="0" offset="559" sl="82" sc="32" el="82" ec="32" bec="0" bev="0" fileid="2" />
                <SequencePoint vc="0" uspid="1225" ordinal="0" offset="564" sl="82" sc="45" el="82" ec="45" bec="0" bev="0" fileid="2" />
                <SequencePoint vc="0" uspid="1226" ordinal="0" offset="571" sl="82" sc="60" el="82" ec="60" bec="0" bev="0" fileid="2" />
                <SequencePoint vc="0" uspid="1227" ordinal="0" offset="572" sl="83" sc="17" el="83" ec="17" bec="0" bev="0" fileid="2" />
                <SequencePoint vc="0" uspid="1228" ordinal="0" offset="586" sl="83" sc="30" el="83" ec="30" bec="0" bev="0" fileid="2" />
                <SequencePoint vc="0" uspid="1229" ordinal="0" offset="587" sl="83" sc="32" el="83" ec="32" bec="0" bev="0" fileid="2" />
                <SequencePoint vc="0" uspid="1230" ordinal="0" offset="592" sl="83" sc="45" el="83" ec="45" bec="0" bev="0" fileid="2" />
                <SequencePoint vc="0" uspid="1231" ordinal="0" offset="599" sl="83" sc="60" el="83" ec="60" bec="0" bev="0" fileid="2" />
                <SequencePoint vc="0" uspid="1232" ordinal="0" offset="600" sl="84" sc="17" el="84" ec="17" bec="0" bev="0" fileid="2" />
                <SequencePoint vc="0" uspid="1233" ordinal="0" offset="607" sl="85" sc="17" el="85" ec="17" bec="0" bev="0" fileid="2" />
                <SequencePoint vc="0" uspid="1234" ordinal="0" offset="614" sl="86" sc="17" el="86" ec="17" bec="0" bev="0" fileid="2" />
                <SequencePoint vc="0" uspid="1235" ordinal="0" offset="631" sl="87" sc="13" el="87" ec="13" bec="0" bev="0" fileid="2" />
                <SequencePoint vc="0" uspid="1236" ordinal="0" offset="632" sl="79" sc="13" el="79" ec="13" bec="0" bev="0" fileid="2" />
                <SequencePoint vc="0" uspid="1237" ordinal="0" offset="647" sl="88" sc="9" el="88" ec="9" bec="0" bev="0" fileid="2" />
                <SequencePoint vc="0" uspid="1238" ordinal="0" offset="648" sl="90" sc="9" el="90" ec="9" bec="0" bev="0" fileid="2" />
                <SequencePoint vc="0" uspid="1239" ordinal="0" offset="654" sl="91" sc="5" el="91" ec="5" bec="0" bev="0" fileid="2" />
              </SequencePoints>
              <BranchPoints />
            </Method>
            <Method visited="false" cyclomaticComplexity="0" nPathComplexity="0" sequenceCoverage="0.0" branchCoverage="0" crapScore="0" isConstructor="false" isStatic="true" isGetter="false" isSetter="false">
              <Summary numSequencePoints="11" visitedSequencePoints="0" numBranchPoints="0" visitedBranchPoints="0" sequenceCoverage="0.0" branchCoverage="0" maxCyclomaticComplexity="0" minCyclomaticComplexity="0" maxCrapScore="0" minCrapScore="0" visitedClasses="0" numClasses="0" visitedMethods="0" numMethods="1" />
              <MetadataToken>100663392</MetadataToken>
              <Name>static System.Void BLA::DrawLine(System.Collections.Generic.List[Vector3Int], System.Single, System.Nullable[Color])</Name>
              <FileRef uid="2" />
              <SequencePoints>
                <SequencePoint vc="0" uspid="1240" ordinal="0" offset="0" sl="94" sc="0" el="94" ec="0" bec="0" bev="0" fileid="2" />
                <SequencePoint vc="0" uspid="1241" ordinal="0" offset="1" sl="95" sc="0" el="95" ec="0" bec="0" bev="0" fileid="2" />
                <SequencePoint vc="0" uspid="1242" ordinal="0" offset="20" sl="96" sc="0" el="96" ec="0" bec="0" bev="0" fileid="2" />
                <SequencePoint vc="0" uspid="1243" ordinal="0" offset="22" sl="98" sc="0" el="98" ec="0" bec="0" bev="0" fileid="2" />
                <SequencePoint vc="0" uspid="1244" ordinal="0" offset="48" sl="100" sc="0" el="100" ec="0" bec="0" bev="0" fileid="2" />
                <SequencePoint vc="0" uspid="1245" ordinal="0" offset="52" sl="101" sc="0" el="101" ec="0" bec="0" bev="0" fileid="2" />
                <SequencePoint vc="0" uspid="1246" ordinal="0" offset="53" sl="102" sc="0" el="102" ec="0" bec="0" bev="0" fileid="2" />
                <SequencePoint vc="0" uspid="1247" ordinal="0" offset="87" sl="103" sc="0" el="103" ec="0" bec="0" bev="0" fileid="2" />
                <SequencePoint vc="0" uspid="1248" ordinal="0" offset="88" sl="100" sc="0" el="100" ec="0" bec="0" bev="0" fileid="2" />
                <SequencePoint vc="0" uspid="1249" ordinal="0" offset="92" sl="100" sc="0" el="100" ec="0" bec="0" bev="0" fileid="2" />
                <SequencePoint vc="0" uspid="1250" ordinal="0" offset="109" sl="104" sc="0" el="104" ec="0" bec="0" bev="0" fileid="2" />
              </SequencePoints>
              <BranchPoints />
            </Method>
          </Methods>
        </Class>
        <Class>
          <Summary numSequencePoints="41" visitedSequencePoints="0" numBranchPoints="0" visitedBranchPoints="0" sequenceCoverage="0.0" branchCoverage="0.0" maxCyclomaticComplexity="0" minCyclomaticComplexity="0" maxCrapScore="0" minCrapScore="0" visitedClasses="0" numClasses="1" visitedMethods="0" numMethods="2" />
          <FullName>GBFS</FullName>
          <Methods>
            <Method visited="false" cyclomaticComplexity="0" nPathComplexity="0" sequenceCoverage="0.0" branchCoverage="0" crapScore="0" isConstructor="false" isStatic="true" isGetter="false" isSetter="false">
              <Summary numSequencePoints="9" visitedSequencePoints="0" numBranchPoints="0" visitedBranchPoints="0" sequenceCoverage="0.0" branchCoverage="0" maxCyclomaticComplexity="0" minCyclomaticComplexity="0" maxCrapScore="0" minCrapScore="0" visitedClasses="0" numClasses="0" visitedMethods="0" numMethods="1" />
              <MetadataToken>100663393</MetadataToken>
              <Name>static PathResult GBFS::Navigate(Node, Node, System.Collections.Generic.HashSet[Node], System.Boolean)</Name>
              <FileRef uid="3" />
              <SequencePoints>
                <SequencePoint vc="0" uspid="1251" ordinal="0" offset="27" sl="7" sc="5" el="7" ec="5" bec="0" bev="0" fileid="3" />
                <SequencePoint vc="0" uspid="1252" ordinal="0" offset="28" sl="8" sc="9" el="8" ec="9" bec="0" bev="0" fileid="3" />
                <SequencePoint vc="0" uspid="1253" ordinal="0" offset="33" sl="9" sc="9" el="9" ec="9" bec="0" bev="0" fileid="3" />
                <SequencePoint vc="0" uspid="1254" ordinal="0" offset="34" sl="10" sc="13" el="10" ec="13" bec="0" bev="0" fileid="3" />
                <SequencePoint vc="0" uspid="1255" ordinal="0" offset="65" sl="11" sc="13" el="11" ec="13" bec="0" bev="0" fileid="3" />
                <SequencePoint vc="0" uspid="1256" ordinal="0" offset="77" sl="12" sc="13" el="12" ec="13" bec="0" bev="0" fileid="3" />
                <SequencePoint vc="0" uspid="1257" ordinal="0" offset="89" sl="13" sc="13" el="13" ec="13" bec="0" bev="0" fileid="3" />
                <SequencePoint vc="0" uspid="1258" ordinal="0" offset="94" sl="15" sc="9" el="15" ec="9" bec="0" bev="0" fileid="3" />
                <SequencePoint vc="0" uspid="1259" ordinal="0" offset="121" sl="16" sc="5" el="16" ec="5" bec="0" bev="0" fileid="3" />
              </SequencePoints>
              <BranchPoints />
            </Method>
            <Method visited="false" cyclomaticComplexity="0" nPathComplexity="0" sequenceCoverage="0.0" branchCoverage="0" crapScore="0" isConstructor="false" isStatic="true" isGetter="false" isSetter="false">
              <Summary numSequencePoints="32" visitedSequencePoints="0" numBranchPoints="0" visitedBranchPoints="0" sequenceCoverage="0.0" branchCoverage="0" maxCyclomaticComplexity="0" minCyclomaticComplexity="0" maxCrapScore="0" minCrapScore="0" visitedClasses="0" numClasses="0" visitedMethods="0" numMethods="1" />
              <MetadataToken>100663394</MetadataToken>
              <Name>static PathResult GBFS::FindPath(Node, Node, System.Collections.Generic.HashSet[Node])</Name>
              <FileRef uid="3" />
              <SequencePoints>
                <SequencePoint vc="0" uspid="1260" ordinal="0" offset="0" sl="19" sc="5" el="19" ec="5" bec="0" bev="0" fileid="3" />
                <SequencePoint vc="0" uspid="1261" ordinal="0" offset="1" sl="20" sc="9" el="20" ec="9" bec="0" bev="0" fileid="3" />
                <SequencePoint vc="0" uspid="1262" ordinal="0" offset="7" sl="21" sc="9" el="21" ec="9" bec="0" bev="0" fileid="3" />
                <SequencePoint vc="0" uspid="1263" ordinal="0" offset="13" sl="24" sc="9" el="24" ec="9" bec="0" bev="0" fileid="3" />
                <SequencePoint vc="0" uspid="1264" ordinal="0" offset="26" sl="27" sc="9" el="27" ec="9" bec="0" bev="0" fileid="3" />
                <SequencePoint vc="0" uspid="1265" ordinal="0" offset="27" sl="29" sc="13" el="29" ec="13" bec="0" bev="0" fileid="3" />
                <SequencePoint vc="0" uspid="1266" ordinal="0" offset="34" sl="30" sc="13" el="30" ec="13" bec="0" bev="0" fileid="3" />
                <SequencePoint vc="0" uspid="1267" ordinal="0" offset="42" sl="31" sc="13" el="31" ec="13" bec="0" bev="0" fileid="3" />
                <SequencePoint vc="0" uspid="1268" ordinal="0" offset="50" sl="33" sc="13" el="33" ec="13" bec="0" bev="0" fileid="3" />
                <SequencePoint vc="0" uspid="1269" ordinal="0" offset="63" sl="34" sc="13" el="34" ec="13" bec="0" bev="0" fileid="3" />
                <SequencePoint vc="0" uspid="1270" ordinal="0" offset="64" sl="35" sc="17" el="35" ec="17" bec="0" bev="0" fileid="3" />
                <SequencePoint vc="0" uspid="1271" ordinal="0" offset="86" sl="36" sc="17" el="36" ec="17" bec="0" bev="0" fileid="3" />
                <SequencePoint vc="0" uspid="1272" ordinal="0" offset="127" sl="45" sc="13" el="45" ec="13" bec="0" bev="0" fileid="3" />
                <SequencePoint vc="0" uspid="1273" ordinal="0" offset="134" sl="46" sc="13" el="46" ec="13" bec="0" bev="0" fileid="3" />
                <SequencePoint vc="0" uspid="1274" ordinal="0" offset="135" sl="46" sc="38" el="46" ec="38" bec="0" bev="0" fileid="3" />
                <SequencePoint vc="0" uspid="1275" ordinal="0" offset="145" sl="46" sc="22" el="46" ec="22" bec="0" bev="0" fileid="3" />
                <SequencePoint vc="0" uspid="1276" ordinal="0" offset="154" sl="47" sc="13" el="47" ec="13" bec="0" bev="0" fileid="3" />
                <SequencePoint vc="0" uspid="1277" ordinal="0" offset="155" sl="49" sc="17" el="49" ec="17" bec="0" bev="0" fileid="3" />
                <SequencePoint vc="0" uspid="1278" ordinal="0" offset="181" sl="50" sc="21" el="50" ec="21" bec="0" bev="0" fileid="3" />
                <SequencePoint vc="0" uspid="1279" ordinal="0" offset="183" sl="52" sc="17" el="52" ec="17" bec="0" bev="0" fileid="3" />
                <SequencePoint vc="0" uspid="1280" ordinal="0" offset="200" sl="53" sc="17" el="53" ec="17" bec="0" bev="0" fileid="3" />
                <SequencePoint vc="0" uspid="1281" ordinal="0" offset="201" sl="54" sc="21" el="54" ec="21" bec="0" bev="0" fileid="3" />
                <SequencePoint vc="0" uspid="1282" ordinal="0" offset="209" sl="55" sc="21" el="55" ec="21" bec="0" bev="0" fileid="3" />
                <SequencePoint vc="0" uspid="1283" ordinal="0" offset="224" sl="56" sc="21" el="56" ec="21" bec="0" bev="0" fileid="3" />
                <SequencePoint vc="0" uspid="1284" ordinal="0" offset="233" sl="57" sc="17" el="57" ec="17" bec="0" bev="0" fileid="3" />
                <SequencePoint vc="0" uspid="1285" ordinal="0" offset="234" sl="58" sc="13" el="58" ec="13" bec="0" bev="0" fileid="3" />
                <SequencePoint vc="0" uspid="1286" ordinal="0" offset="235" sl="46" sc="35" el="46" ec="35" bec="0" bev="0" fileid="3" />
                <SequencePoint vc="0" uspid="1287" ordinal="0" offset="261" sl="59" sc="9" el="59" ec="9" bec="0" bev="0" fileid="3" />
                <SequencePoint vc="0" uspid="1288" ordinal="0" offset="262" sl="26" sc="9" el="26" ec="9" bec="0" bev="0" fileid="3" />
                <SequencePoint vc="0" uspid="1289" ordinal="0" offset="280" sl="60" sc="9" el="60" ec="9" bec="0" bev="0" fileid="3" />
                <SequencePoint vc="0" uspid="1290" ordinal="0" offset="291" sl="61" sc="9" el="61" ec="9" bec="0" bev="0" fileid="3" />
                <SequencePoint vc="0" uspid="1291" ordinal="0" offset="296" sl="62" sc="5" el="62" ec="5" bec="0" bev="0" fileid="3" />
              </SequencePoints>
              <BranchPoints />
            </Method>
          </Methods>
        </Class>
        <Class>
          <Summary numSequencePoints="43" visitedSequencePoints="0" numBranchPoints="0" visitedBranchPoints="0" sequenceCoverage="0.0" branchCoverage="0.0" maxCyclomaticComplexity="0" minCyclomaticComplexity="0" maxCrapScore="0" minCrapScore="0" visitedClasses="0" numClasses="1" visitedMethods="0" numMethods="5" />
          <FullName>ILS</FullName>
          <Methods>
            <Method visited="false" cyclomaticComplexity="0" nPathComplexity="0" sequenceCoverage="0.0" branchCoverage="0" crapScore="0" isConstructor="false" isStatic="true" isGetter="false" isSetter="false">
              <Summary numSequencePoints="6" visitedSequencePoints="0" numBranchPoints="0" visitedBranchPoints="0" sequenceCoverage="0.0" branchCoverage="0" maxCyclomaticComplexity="0" minCyclomaticComplexity="0" maxCrapScore="0" minCrapScore="0" visitedClasses="0" numClasses="0" visitedMethods="0" numMethods="1" />
              <MetadataToken>100663395</MetadataToken>
              <Name>static PathResult ILS::Navigate(Grid3D, Node, Node, System.Int32, ILSAlgorithm)</Name>
              <FileRef uid="4" />
              <SequencePoints>
                <SequencePoint vc="0" uspid="1292" ordinal="0" offset="42" sl="9" sc="5" el="9" ec="5" bec="0" bev="0" fileid="4" />
                <SequencePoint vc="0" uspid="1293" ordinal="0" offset="43" sl="10" sc="9" el="10" ec="9" bec="0" bev="0" fileid="4" />
                <SequencePoint vc="0" uspid="1294" ordinal="0" offset="74" sl="39" sc="9" el="39" ec="9" bec="0" bev="0" fileid="4" />
                <SequencePoint vc="0" uspid="1295" ordinal="0" offset="86" sl="40" sc="9" el="40" ec="9" bec="0" bev="0" fileid="4" />
                <SequencePoint vc="0" uspid="1296" ordinal="0" offset="98" sl="41" sc="9" el="41" ec="9" bec="0" bev="0" fileid="4" />
                <SequencePoint vc="0" uspid="1297" ordinal="0" offset="102" sl="42" sc="5" el="42" ec="5" bec="0" bev="0" fileid="4" />
              </SequencePoints>
              <BranchPoints />
            </Method>
            <Method visited="false" cyclomaticComplexity="0" nPathComplexity="0" sequenceCoverage="0.0" branchCoverage="0" crapScore="0" isConstructor="false" isStatic="true" isGetter="false" isSetter="false">
              <Summary numSequencePoints="3" visitedSequencePoints="0" numBranchPoints="0" visitedBranchPoints="0" sequenceCoverage="0.0" branchCoverage="0" maxCyclomaticComplexity="0" minCyclomaticComplexity="0" maxCrapScore="0" minCrapScore="0" visitedClasses="0" numClasses="0" visitedMethods="0" numMethods="1" />
              <MetadataToken>100663396</MetadataToken>
              <Name>static System.Collections.Generic.List[Vector3Int] ILS::GenerateLine(Node, Node)</Name>
              <FileRef uid="4" />
              <SequencePoints>
                <SequencePoint vc="0" uspid="1298" ordinal="0" offset="0" sl="46" sc="5" el="46" ec="5" bec="0" bev="0" fileid="4" />
                <SequencePoint vc="0" uspid="1299" ordinal="0" offset="1" sl="47" sc="9" el="47" ec="9" bec="0" bev="0" fileid="4" />
                <SequencePoint vc="0" uspid="1300" ordinal="0" offset="11" sl="48" sc="5" el="48" ec="5" bec="0" bev="0" fileid="4" />
              </SequencePoints>
              <BranchPoints />
            </Method>
            <Method visited="false" cyclomaticComplexity="0" nPathComplexity="0" sequenceCoverage="0.0" branchCoverage="0" crapScore="0" isConstructor="false" isStatic="true" isGetter="false" isSetter="false">
              <Summary numSequencePoints="14" visitedSequencePoints="0" numBranchPoints="0" visitedBranchPoints="0" sequenceCoverage="0.0" branchCoverage="0" maxCyclomaticComplexity="0" minCyclomaticComplexity="0" maxCrapScore="0" minCrapScore="0" visitedClasses="0" numClasses="0" visitedMethods="0" numMethods="1" />
              <MetadataToken>100663397</MetadataToken>
              <Name>static System.Collections.Generic.HashSet[Node] ILS::DefineCorridor(System.Collections.Generic.List[Vector3Int], Grid3D, Node, Node, System.Int32)</Name>
              <FileRef uid="4" />
              <SequencePoints>
                <SequencePoint vc="0" uspid="1301" ordinal="0" offset="0" sl="56" sc="0" el="56" ec="0" bec="0" bev="0" fileid="4" />
                <SequencePoint vc="0" uspid="1302" ordinal="0" offset="1" sl="57" sc="0" el="57" ec="0" bec="0" bev="0" fileid="4" />
                <SequencePoint vc="0" uspid="1303" ordinal="0" offset="7" sl="59" sc="0" el="59" ec="0" bec="0" bev="0" fileid="4" />
                <SequencePoint vc="0" uspid="1304" ordinal="0" offset="8" sl="59" sc="0" el="59" ec="0" bec="0" bev="0" fileid="4" />
                <SequencePoint vc="0" uspid="1305" ordinal="0" offset="17" sl="59" sc="0" el="59" ec="0" bec="0" bev="0" fileid="4" />
                <SequencePoint vc="0" uspid="1306" ordinal="0" offset="25" sl="60" sc="0" el="60" ec="0" bec="0" bev="0" fileid="4" />
                <SequencePoint vc="0" uspid="1307" ordinal="0" offset="26" sl="61" sc="0" el="61" ec="0" bec="0" bev="0" fileid="4" />
                <SequencePoint vc="0" uspid="1308" ordinal="0" offset="36" sl="62" sc="0" el="62" ec="0" bec="0" bev="0" fileid="4" />
                <SequencePoint vc="0" uspid="1309" ordinal="0" offset="44" sl="63" sc="0" el="63" ec="0" bec="0" bev="0" fileid="4" />
                <SequencePoint vc="0" uspid="1310" ordinal="0" offset="45" sl="59" sc="0" el="59" ec="0" bec="0" bev="0" fileid="4" />
                <SequencePoint vc="0" uspid="1311" ordinal="0" offset="71" sl="65" sc="0" el="65" ec="0" bec="0" bev="0" fileid="4" />
                <SequencePoint vc="0" uspid="1312" ordinal="0" offset="79" sl="66" sc="0" el="66" ec="0" bec="0" bev="0" fileid="4" />
                <SequencePoint vc="0" uspid="1313" ordinal="0" offset="87" sl="68" sc="0" el="68" ec="0" bec="0" bev="0" fileid="4" />
                <SequencePoint vc="0" uspid="1314" ordinal="0" offset="92" sl="69" sc="0" el="69" ec="0" bec="0" bev="0" fileid="4" />
              </SequencePoints>
              <BranchPoints />
            </Method>
            <Method visited="false" cyclomaticComplexity="0" nPathComplexity="0" sequenceCoverage="0.0" branchCoverage="0" crapScore="0" isConstructor="false" isStatic="true" isGetter="false" isSetter="false">
              <Summary numSequencePoints="14" visitedSequencePoints="0" numBranchPoints="0" visitedBranchPoints="0" sequenceCoverage="0.0" branchCoverage="0" maxCyclomaticComplexity="0" minCyclomaticComplexity="0" maxCrapScore="0" minCrapScore="0" visitedClasses="0" numClasses="0" visitedMethods="0" numMethods="1" />
              <MetadataToken>100663398</MetadataToken>
              <Name>static System.Collections.Generic.HashSet[Node] ILS::DefineCorridor(System.Collections.Generic.List[Vector3Int], Grid3D, Node, Node, CorridorShape, System.Int32)</Name>
              <FileRef uid="4" />
              <SequencePoints>
                <SequencePoint vc="0" uspid="1315" ordinal="0" offset="0" sl="77" sc="5" el="77" ec="5" bec="0" bev="0" fileid="4" />
                <SequencePoint vc="0" uspid="1316" ordinal="0" offset="1" sl="78" sc="9" el="78" ec="9" bec="0" bev="0" fileid="4" />
                <SequencePoint vc="0" uspid="1317" ordinal="0" offset="7" sl="80" sc="9" el="80" ec="9" bec="0" bev="0" fileid="4" />
                <SequencePoint vc="0" uspid="1318" ordinal="0" offset="8" sl="80" sc="31" el="80" ec="31" bec="0" bev="0" fileid="4" />
                <SequencePoint vc="0" uspid="1319" ordinal="0" offset="17" sl="80" sc="18" el="80" ec="18" bec="0" bev="0" fileid="4" />
                <SequencePoint vc="0" uspid="1320" ordinal="0" offset="25" sl="81" sc="9" el="81" ec="9" bec="0" bev="0" fileid="4" />
                <SequencePoint vc="0" uspid="1321" ordinal="0" offset="26" sl="82" sc="13" el="82" ec="13" bec="0" bev="0" fileid="4" />
                <SequencePoint vc="0" uspid="1322" ordinal="0" offset="38" sl="83" sc="13" el="83" ec="13" bec="0" bev="0" fileid="4" />
                <SequencePoint vc="0" uspid="1323" ordinal="0" offset="46" sl="84" sc="9" el="84" ec="9" bec="0" bev="0" fileid="4" />
                <SequencePoint vc="0" uspid="1324" ordinal="0" offset="47" sl="80" sc="28" el="80" ec="28" bec="0" bev="0" fileid="4" />
                <SequencePoint vc="0" uspid="1325" ordinal="0" offset="73" sl="86" sc="9" el="86" ec="9" bec="0" bev="0" fileid="4" />
                <SequencePoint vc="0" uspid="1326" ordinal="0" offset="81" sl="87" sc="9" el="87" ec="9" bec="0" bev="0" fileid="4" />
                <SequencePoint vc="0" uspid="1327" ordinal="0" offset="89" sl="89" sc="9" el="89" ec="9" bec="0" bev="0" fileid="4" />
                <SequencePoint vc="0" uspid="1328" ordinal="0" offset="94" sl="90" sc="5" el="90" ec="5" bec="0" bev="0" fileid="4" />
              </SequencePoints>
              <BranchPoints />
            </Method>
            <Method visited="false" cyclomaticComplexity="0" nPathComplexity="0" sequenceCoverage="0.0" branchCoverage="0" crapScore="0" isConstructor="false" isStatic="true" isGetter="false" isSetter="false">
              <Summary numSequencePoints="6" visitedSequencePoints="0" numBranchPoints="0" visitedBranchPoints="0" sequenceCoverage="0.0" branchCoverage="0" maxCyclomaticComplexity="0" minCyclomaticComplexity="0" maxCrapScore="0" minCrapScore="0" visitedClasses="0" numClasses="0" visitedMethods="0" numMethods="1" />
              <MetadataToken>100663399</MetadataToken>
              <Name>static PathResult ILS::FindPath(Node, Node, System.Collections.Generic.HashSet[Node], ILSAlgorithm)</Name>
              <FileRef uid="4" />
              <SequencePoints>
                <SequencePoint vc="0" uspid="1329" ordinal="0" offset="0" sl="94" sc="5" el="94" ec="5" bec="0" bev="0" fileid="4" />
                <SequencePoint vc="0" uspid="1330" ordinal="0" offset="1" sl="95" sc="9" el="95" ec="9" bec="0" bev="0" fileid="4" />
                <SequencePoint vc="0" uspid="1331" ordinal="0" offset="16" sl="98" sc="17" el="98" ec="17" bec="0" bev="0" fileid="4" />
                <SequencePoint vc="0" uspid="1332" ordinal="0" offset="28" sl="100" sc="17" el="100" ec="17" bec="0" bev="0" fileid="4" />
                <SequencePoint vc="0" uspid="1333" ordinal="0" offset="40" sl="102" sc="17" el="102" ec="17" bec="0" bev="0" fileid="4" />
                <SequencePoint vc="0" uspid="1334" ordinal="0" offset="52" sl="104" sc="5" el="104" ec="5" bec="0" bev="0" fileid="4" />
              </SequencePoints>
              <BranchPoints />
            </Method>
          </Methods>
        </Class>
        <Class>
          <Summary numSequencePoints="14" visitedSequencePoints="0" numBranchPoints="0" visitedBranchPoints="0" sequenceCoverage="0.0" branchCoverage="0.0" maxCyclomaticComplexity="0" minCyclomaticComplexity="0" maxCrapScore="0" minCrapScore="0" visitedClasses="0" numClasses="1" visitedMethods="0" numMethods="2" />
          <FullName>PathfindingEvaluator</FullName>
          <Methods>
            <Method visited="false" cyclomaticComplexity="0" nPathComplexity="0" sequenceCoverage="0.0" branchCoverage="0" crapScore="0" isConstructor="false" isStatic="false" isGetter="false" isSetter="false">
              <Summary numSequencePoints="9" visitedSequencePoints="0" numBranchPoints="0" visitedBranchPoints="0" sequenceCoverage="0.0" branchCoverage="0" maxCyclomaticComplexity="0" minCyclomaticComplexity="0" maxCrapScore="0" minCrapScore="0" visitedClasses="0" numClasses="0" visitedMethods="0" numMethods="1" />
              <MetadataToken>100663401</MetadataToken>
              <Name>EvaluationResult PathfindingEvaluator::Evaluate()</Name>
              <FileRef uid="5" />
              <SequencePoints>
                <SequencePoint vc="0" uspid="1335" ordinal="0" offset="0" sl="13" sc="5" el="13" ec="5" bec="0" bev="0" fileid="5" />
                <SequencePoint vc="0" uspid="1336" ordinal="0" offset="1" sl="14" sc="9" el="14" ec="9" bec="0" bev="0" fileid="5" />
                <SequencePoint vc="0" uspid="1337" ordinal="0" offset="13" sl="16" sc="9" el="16" ec="9" bec="0" bev="0" fileid="5" />
                <SequencePoint vc="0" uspid="1338" ordinal="0" offset="42" sl="17" sc="9" el="17" ec="9" bec="0" bev="0" fileid="5" />
                <SequencePoint vc="0" uspid="1339" ordinal="0" offset="74" sl="18" sc="9" el="18" ec="9" bec="0" bev="0" fileid="5" />
                <SequencePoint vc="0" uspid="1340" ordinal="0" offset="103" sl="19" sc="9" el="19" ec="9" bec="0" bev="0" fileid="5" />
                <SequencePoint vc="0" uspid="1341" ordinal="0" offset="136" sl="21" sc="9" el="21" ec="9" bec="0" bev="0" fileid="5" />
                <SequencePoint vc="0" uspid="1342" ordinal="0" offset="172" sl="28" sc="9" el="28" ec="9" bec="0" bev="0" fileid="5" />
                <SequencePoint vc="0" uspid="1343" ordinal="0" offset="178" sl="29" sc="5" el="29" ec="5" bec="0" bev="0" fileid="5" />
              </SequencePoints>
              <BranchPoints />
            </Method>
            <Method visited="false" cyclomaticComplexity="0" nPathComplexity="0" sequenceCoverage="0.0" branchCoverage="0" crapScore="0" isConstructor="true" isStatic="false" isGetter="false" isSetter="false">
              <Summary numSequencePoints="5" visitedSequencePoints="0" numBranchPoints="0" visitedBranchPoints="0" sequenceCoverage="0.0" branchCoverage="0" maxCyclomaticComplexity="0" minCyclomaticComplexity="0" maxCrapScore="0" minCrapScore="0" visitedClasses="0" numClasses="0" visitedMethods="0" numMethods="1" />
              <MetadataToken>100663400</MetadataToken>
              <Name>PathfindingEvaluator::PathfindingEvaluator(Grid3D, UI, PathfindingManager)</Name>
              <FileRef uid="5" />
              <SequencePoints>
                <SequencePoint vc="0" uspid="1344" ordinal="0" offset="0" sl="6" sc="5" el="6" ec="5" bec="0" bev="0" fileid="5" />
                <SequencePoint vc="0" uspid="1345" ordinal="0" offset="7" sl="7" sc="5" el="7" ec="5" bec="0" bev="0" fileid="5" />
                <SequencePoint vc="0" uspid="1346" ordinal="0" offset="8" sl="8" sc="9" el="8" ec="9" bec="0" bev="0" fileid="5" />
                <SequencePoint vc="0" uspid="1347" ordinal="0" offset="15" sl="9" sc="9" el="9" ec="9" bec="0" bev="0" fileid="5" />
                <SequencePoint vc="0" uspid="1348" ordinal="0" offset="22" sl="10" sc="5" el="10" ec="5" bec="0" bev="0" fileid="5" />
              </SequencePoints>
              <BranchPoints />
            </Method>
          </Methods>
        </Class>
        <Class>
          <Summary numSequencePoints="7" visitedSequencePoints="0" numBranchPoints="0" visitedBranchPoints="0" sequenceCoverage="0.0" branchCoverage="0.0" maxCyclomaticComplexity="0" minCyclomaticComplexity="0" maxCrapScore="0" minCrapScore="0" visitedClasses="0" numClasses="1" visitedMethods="0" numMethods="4" />
          <FullName>PathfindingManager</FullName>
          <Methods>
            <Method visited="false" cyclomaticComplexity="0" nPathComplexity="0" sequenceCoverage="0.0" branchCoverage="0" crapScore="0" isConstructor="false" isStatic="false" isGetter="false" isSetter="false">
              <Summary numSequencePoints="1" visitedSequencePoints="0" numBranchPoints="0" visitedBranchPoints="0" sequenceCoverage="0.0" branchCoverage="0" maxCyclomaticComplexity="0" minCyclomaticComplexity="0" maxCrapScore="0" minCrapScore="0" visitedClasses="0" numClasses="0" visitedMethods="0" numMethods="1" />
              <MetadataToken>100663403</MetadataToken>
              <Name>PathResult PathfindingManager::RunAStar(Node, Node)</Name>
              <FileRef uid="6" />
              <SequencePoints>
                <SequencePoint vc="0" uspid="1349" ordinal="0" offset="0" sl="12" sc="57" el="12" ec="57" bec="0" bev="0" fileid="6" />
              </SequencePoints>
              <BranchPoints />
            </Method>
            <Method visited="false" cyclomaticComplexity="0" nPathComplexity="0" sequenceCoverage="0.0" branchCoverage="0" crapScore="0" isConstructor="false" isStatic="false" isGetter="false" isSetter="false">
              <Summary numSequencePoints="1" visitedSequencePoints="0" numBranchPoints="0" visitedBranchPoints="0" sequenceCoverage="0.0" branchCoverage="0" maxCyclomaticComplexity="0" minCyclomaticComplexity="0" maxCrapScore="0" minCrapScore="0" visitedClasses="0" numClasses="0" visitedMethods="0" numMethods="1" />
              <MetadataToken>100663404</MetadataToken>
              <Name>PathResult PathfindingManager::RunGBFS(Node, Node)</Name>
              <FileRef uid="6" />
              <SequencePoints>
                <SequencePoint vc="0" uspid="1350" ordinal="0" offset="0" sl="13" sc="56" el="13" ec="56" bec="0" bev="0" fileid="6" />
              </SequencePoints>
              <BranchPoints />
            </Method>
            <Method visited="false" cyclomaticComplexity="0" nPathComplexity="0" sequenceCoverage="0.0" branchCoverage="0" crapScore="0" isConstructor="false" isStatic="false" isGetter="false" isSetter="false">
              <Summary numSequencePoints="1" visitedSequencePoints="0" numBranchPoints="0" visitedBranchPoints="0" sequenceCoverage="0.0" branchCoverage="0" maxCyclomaticComplexity="0" minCyclomaticComplexity="0" maxCrapScore="0" minCrapScore="0" visitedClasses="0" numClasses="0" visitedMethods="0" numMethods="1" />
              <MetadataToken>100663405</MetadataToken>
              <Name>PathResult PathfindingManager::RunILS(Node, Node, ILSAlgorithm, System.Int32)</Name>
              <FileRef uid="6" />
              <SequencePoints>
                <SequencePoint vc="0" uspid="1351" ordinal="0" offset="0" sl="15" sc="9" el="15" ec="9" bec="0" bev="0" fileid="6" />
              </SequencePoints>
              <BranchPoints />
            </Method>
            <Method visited="false" cyclomaticComplexity="0" nPathComplexity="0" sequenceCoverage="0.0" branchCoverage="0" crapScore="0" isConstructor="true" isStatic="false" isGetter="false" isSetter="false">
              <Summary numSequencePoints="4" visitedSequencePoints="0" numBranchPoints="0" visitedBranchPoints="0" sequenceCoverage="0.0" branchCoverage="0" maxCyclomaticComplexity="0" minCyclomaticComplexity="0" maxCrapScore="0" minCrapScore="0" visitedClasses="0" numClasses="0" visitedMethods="0" numMethods="1" />
              <MetadataToken>100663402</MetadataToken>
              <Name>PathfindingManager::PathfindingManager(Grid3D)</Name>
              <FileRef uid="6" />
              <SequencePoints>
                <SequencePoint vc="0" uspid="1352" ordinal="0" offset="0" sl="7" sc="5" el="7" ec="5" bec="0" bev="0" fileid="6" />
                <SequencePoint vc="0" uspid="1353" ordinal="0" offset="7" sl="8" sc="5" el="8" ec="5" bec="0" bev="0" fileid="6" />
                <SequencePoint vc="0" uspid="1354" ordinal="0" offset="8" sl="9" sc="9" el="9" ec="9" bec="0" bev="0" fileid="6" />
                <SequencePoint vc="0" uspid="1355" ordinal="0" offset="15" sl="10" sc="5" el="10" ec="5" bec="0" bev="0" fileid="6" />
              </SequencePoints>
              <BranchPoints />
            </Method>
          </Methods>
        </Class>
        <Class>
          <Summary numSequencePoints="1" visitedSequencePoints="0" numBranchPoints="0" visitedBranchPoints="0" sequenceCoverage="0.0" branchCoverage="0.0" maxCyclomaticComplexity="0" minCyclomaticComplexity="0" maxCrapScore="0" minCrapScore="0" visitedClasses="0" numClasses="1" visitedMethods="0" numMethods="1" />
          <FullName>AStar/&lt;&gt;c__DisplayClass0_0</FullName>
          <Methods>
            <Method visited="false" cyclomaticComplexity="0" nPathComplexity="0" sequenceCoverage="0.0" branchCoverage="0" crapScore="0" isConstructor="false" isStatic="false" isGetter="false" isSetter="false">
              <Summary numSequencePoints="1" visitedSequencePoints="0" numBranchPoints="0" visitedBranchPoints="0" sequenceCoverage="0.0" branchCoverage="0" maxCyclomaticComplexity="0" minCyclomaticComplexity="0" maxCrapScore="0" minCrapScore="0" visitedClasses="0" numClasses="0" visitedMethods="0" numMethods="1" />
              <MetadataToken>100663461</MetadataToken>
              <Name>PathResult AStar/&lt;&gt;c__DisplayClass0_0::&lt;Navigate&gt;b__0()</Name>
              <FileRef uid="1" />
              <SequencePoints>
                <SequencePoint vc="0" uspid="1356" ordinal="0" offset="0" sl="16" sc="59" el="16" ec="59" bec="0" bev="0" fileid="1" />
              </SequencePoints>
              <BranchPoints />
            </Method>
          </Methods>
        </Class>
        <Class>
          <Summary numSequencePoints="1" visitedSequencePoints="0" numBranchPoints="0" visitedBranchPoints="0" sequenceCoverage="0.0" branchCoverage="0.0" maxCyclomaticComplexity="0" minCyclomaticComplexity="0" maxCrapScore="0" minCrapScore="0" visitedClasses="0" numClasses="1" visitedMethods="0" numMethods="1" />
          <FullName>GBFS/&lt;&gt;c__DisplayClass0_0</FullName>
          <Methods>
            <Method visited="false" cyclomaticComplexity="0" nPathComplexity="0" sequenceCoverage="0.0" branchCoverage="0" crapScore="0" isConstructor="false" isStatic="false" isGetter="false" isSetter="false">
              <Summary numSequencePoints="1" visitedSequencePoints="0" numBranchPoints="0" visitedBranchPoints="0" sequenceCoverage="0.0" branchCoverage="0" maxCyclomaticComplexity="0" minCyclomaticComplexity="0" maxCrapScore="0" minCrapScore="0" visitedClasses="0" numClasses="0" visitedMethods="0" numMethods="1" />
              <MetadataToken>100663463</MetadataToken>
              <Name>PathResult GBFS/&lt;&gt;c__DisplayClass0_0::&lt;Navigate&gt;b__0()</Name>
              <FileRef uid="3" />
              <SequencePoints>
                <SequencePoint vc="0" uspid="1357" ordinal="0" offset="0" sl="10" sc="59" el="10" ec="59" bec="0" bev="0" fileid="3" />
              </SequencePoints>
              <BranchPoints />
            </Method>
          </Methods>
        </Class>
        <Class>
          <Summary numSequencePoints="18" visitedSequencePoints="0" numBranchPoints="0" visitedBranchPoints="0" sequenceCoverage="0.0" branchCoverage="0.0" maxCyclomaticComplexity="0" minCyclomaticComplexity="0" maxCrapScore="0" minCrapScore="0" visitedClasses="0" numClasses="1" visitedMethods="0" numMethods="1" />
          <FullName>ILS/&lt;&gt;c__DisplayClass0_0</FullName>
          <Methods>
            <Method visited="false" cyclomaticComplexity="0" nPathComplexity="0" sequenceCoverage="0.0" branchCoverage="0" crapScore="0" isConstructor="false" isStatic="false" isGetter="false" isSetter="false">
              <Summary numSequencePoints="18" visitedSequencePoints="0" numBranchPoints="0" visitedBranchPoints="0" sequenceCoverage="0.0" branchCoverage="0" maxCyclomaticComplexity="0" minCyclomaticComplexity="0" maxCrapScore="0" minCrapScore="0" visitedClasses="0" numClasses="0" visitedMethods="0" numMethods="1" />
              <MetadataToken>100663465</MetadataToken>
              <Name>PathResult ILS/&lt;&gt;c__DisplayClass0_0::&lt;Navigate&gt;b__0()</Name>
              <FileRef uid="4" />
              <SequencePoints>
                <SequencePoint vc="0" uspid="1358" ordinal="0" offset="0" sl="11" sc="9" el="11" ec="9" bec="0" bev="0" fileid="4" />
                <SequencePoint vc="0" uspid="1359" ordinal="0" offset="1" sl="12" sc="13" el="12" ec="13" bec="0" bev="0" fileid="4" />
                <SequencePoint vc="0" uspid="1360" ordinal="0" offset="3" sl="13" sc="13" el="13" ec="13" bec="0" bev="0" fileid="4" />
                <SequencePoint vc="0" uspid="1361" ordinal="0" offset="10" sl="14" sc="13" el="14" ec="13" bec="0" bev="0" fileid="4" />
                <SequencePoint vc="0" uspid="1362" ordinal="0" offset="17" sl="16" sc="13" el="16" ec="13" bec="0" bev="0" fileid="4" />
                <SequencePoint vc="0" uspid="1363" ordinal="0" offset="18" sl="17" sc="17" el="17" ec="17" bec="0" bev="0" fileid="4" />
                <SequencePoint vc="0" uspid="1364" ordinal="0" offset="36" sl="18" sc="17" el="18" ec="17" bec="0" bev="0" fileid="4" />
                <SequencePoint vc="0" uspid="1365" ordinal="0" offset="64" sl="19" sc="17" el="19" ec="17" bec="0" bev="0" fileid="4" />
                <SequencePoint vc="0" uspid="1366" ordinal="0" offset="91" sl="21" sc="17" el="21" ec="17" bec="0" bev="0" fileid="4" />
                <SequencePoint vc="0" uspid="1367" ordinal="0" offset="102" sl="22" sc="17" el="22" ec="17" bec="0" bev="0" fileid="4" />
                <SequencePoint vc="0" uspid="1368" ordinal="0" offset="103" sl="23" sc="21" el="23" ec="21" bec="0" bev="0" fileid="4" />
                <SequencePoint vc="0" uspid="1369" ordinal="0" offset="158" sl="32" sc="17" el="32" ec="17" bec="0" bev="0" fileid="4" />
                <SequencePoint vc="0" uspid="1370" ordinal="0" offset="162" sl="33" sc="17" el="33" ec="17" bec="0" bev="0" fileid="4" />
                <SequencePoint vc="0" uspid="1371" ordinal="0" offset="166" sl="34" sc="13" el="34" ec="13" bec="0" bev="0" fileid="4" />
                <SequencePoint vc="0" uspid="1372" ordinal="0" offset="167" sl="15" sc="13" el="15" ec="13" bec="0" bev="0" fileid="4" />
                <SequencePoint vc="0" uspid="1373" ordinal="0" offset="183" sl="35" sc="13" el="35" ec="13" bec="0" bev="0" fileid="4" />
                <SequencePoint vc="0" uspid="1374" ordinal="0" offset="194" sl="36" sc="13" el="36" ec="13" bec="0" bev="0" fileid="4" />
                <SequencePoint vc="0" uspid="1375" ordinal="0" offset="210" sl="37" sc="9" el="37" ec="9" bec="0" bev="0" fileid="4" />
              </SequencePoints>
              <BranchPoints />
            </Method>
          </Methods>
        </Class>
      </Classes>
    </Module>
  </Modules>
</CoverageSession>