<?xml version="1.0" encoding="utf-8"?>
<CoverageSession xmlns:xsd="http://www.w3.org/2001/XMLSchema" xmlns:xsi="http://www.w3.org/2001/XMLSchema-instance" Version="0.0.0.0">
  <Summary numSequencePoints="241" visitedSequencePoints="192" numBranchPoints="0" visitedBranchPoints="0" sequenceCoverage="79.67" branchCoverage="0.0" maxCyclomaticComplexity="0" minCyclomaticComplexity="0" maxCrapScore="0" minCrapScore="0" visitedClasses="9" numClasses="9" visitedMethods="16" numMethods="16" />
  <Modules>
    <Module>
      <Summary numSequencePoints="241" visitedSequencePoints="192" numBranchPoints="0" visitedBranchPoints="0" sequenceCoverage="79.67" branchCoverage="0.0" maxCyclomaticComplexity="0" minCyclomaticComplexity="0" maxCrapScore="0" minCrapScore="0" visitedClasses="9" numClasses="9" visitedMethods="16" numMethods="16" />
      <ModuleTime>0001-01-01T00:00:00</ModuleTime>
      <ModuleName>Assembly-CSharp</ModuleName>
      <Files>
        <File uid="1" fullPath="E:/MSC/Dissertation/Proposal/diss_prot/Assets/AStar/Scripts/PathfindingAlgorithms/AStar.cs" />
        <File uid="2" fullPath="E:/MSC/Dissertation/Proposal/diss_prot/Assets/AStar/Scripts/PathfindingAlgorithms/BLA.cs" />
        <File uid="3" fullPath="E:/MSC/Dissertation/Proposal/diss_prot/Assets/AStar/Scripts/PathfindingAlgorithms/GBFS.cs" />
        <File uid="4" fullPath="E:/MSC/Dissertation/Proposal/diss_prot/Assets/AStar/Scripts/PathfindingAlgorithms/ILS.cs" />
        <File uid="5" fullPath="E:/MSC/Dissertation/Proposal/diss_prot/Assets/AStar/Scripts/PathfindingAlgorithms/PathfindingEvaluator.cs" />
        <File uid="6" fullPath="E:/MSC/Dissertation/Proposal/diss_prot/Assets/AStar/Scripts/PathfindingAlgorithms/PathfindingManager.cs" />
      </Files>
      <Classes>
        <Class>
          <Summary numSequencePoints="51" visitedSequencePoints="50" numBranchPoints="0" visitedBranchPoints="0" sequenceCoverage="98.04" branchCoverage="0.0" maxCyclomaticComplexity="0" minCyclomaticComplexity="0" maxCrapScore="0" minCrapScore="0" visitedClasses="1" numClasses="1" visitedMethods="2" numMethods="2" />
          <FullName>AStar</FullName>
          <Methods>
            <Method visited="true" cyclomaticComplexity="0" nPathComplexity="0" sequenceCoverage="91.67" branchCoverage="0" crapScore="0" isConstructor="false" isStatic="true" isGetter="false" isSetter="false">
              <Summary numSequencePoints="12" visitedSequencePoints="11" numBranchPoints="0" visitedBranchPoints="0" sequenceCoverage="91.67" branchCoverage="0" maxCyclomaticComplexity="0" minCyclomaticComplexity="0" maxCrapScore="0" minCrapScore="0" visitedClasses="0" numClasses="0" visitedMethods="1" numMethods="1" />
              <MetadataToken>100663389</MetadataToken>
              <Name>static PathResult AStar::Navigate(Node, Node, System.Collections.Generic.HashSet[Node], System.Boolean)</Name>
              <FileRef uid="1" />
              <SequencePoints>
                <SequencePoint vc="30" uspid="1376" ordinal="0" offset="27" sl="13" sc="5" el="13" ec="5" bec="0" bev="0" fileid="1" />
                <SequencePoint vc="30" uspid="1377" ordinal="0" offset="28" sl="14" sc="9" el="14" ec="9" bec="0" bev="0" fileid="1" />
                <SequencePoint vc="30" uspid="1378" ordinal="0" offset="33" sl="15" sc="9" el="15" ec="9" bec="0" bev="0" fileid="1" />
                <SequencePoint vc="30" uspid="1379" ordinal="0" offset="34" sl="16" sc="13" el="16" ec="13" bec="0" bev="0" fileid="1" />
                <SequencePoint vc="30" uspid="1380" ordinal="0" offset="65" sl="17" sc="13" el="17" ec="13" bec="0" bev="0" fileid="1" />
                <SequencePoint vc="20" uspid="1381" ordinal="0" offset="75" sl="18" sc="13" el="18" ec="13" bec="0" bev="0" fileid="1" />
                <SequencePoint vc="20" uspid="1382" ordinal="0" offset="76" sl="19" sc="17" el="19" ec="17" bec="0" bev="0" fileid="1" />
                <SequencePoint vc="20" uspid="1383" ordinal="0" offset="88" sl="20" sc="17" el="20" ec="17" bec="0" bev="0" fileid="1" />
                <SequencePoint vc="20" uspid="1384" ordinal="0" offset="100" sl="21" sc="17" el="21" ec="17" bec="0" bev="0" fileid="1" />
                <SequencePoint vc="10" uspid="1385" ordinal="0" offset="105" sl="23" sc="13" el="23" ec="13" bec="0" bev="0" fileid="1" />
                <SequencePoint vc="0" uspid="1386" ordinal="0" offset="110" sl="25" sc="9" el="25" ec="9" bec="0" bev="0" fileid="1" />
                <SequencePoint vc="30" uspid="1387" ordinal="0" offset="142" sl="26" sc="5" el="26" ec="5" bec="0" bev="0" fileid="1" />
              </SequencePoints>
              <BranchPoints />
            </Method>
            <Method visited="true" cyclomaticComplexity="0" nPathComplexity="0" sequenceCoverage="100.0" branchCoverage="0" crapScore="0" isConstructor="false" isStatic="true" isGetter="false" isSetter="false">
              <Summary numSequencePoints="39" visitedSequencePoints="39" numBranchPoints="0" visitedBranchPoints="0" sequenceCoverage="100.0" branchCoverage="0" maxCyclomaticComplexity="0" minCyclomaticComplexity="0" maxCrapScore="0" minCrapScore="0" visitedClasses="0" numClasses="0" visitedMethods="1" numMethods="1" />
              <MetadataToken>100663390</MetadataToken>
              <Name>static PathResult AStar::FindPath(Node, Node, System.Collections.Generic.HashSet[Node])</Name>
              <FileRef uid="1" />
              <SequencePoints>
                <SequencePoint vc="30" uspid="1388" ordinal="0" offset="0" sl="29" sc="5" el="29" ec="5" bec="0" bev="0" fileid="1" />
                <SequencePoint vc="30" uspid="1389" ordinal="0" offset="1" sl="30" sc="9" el="30" ec="9" bec="0" bev="0" fileid="1" />
                <SequencePoint vc="30" uspid="1390" ordinal="0" offset="7" sl="31" sc="9" el="31" ec="9" bec="0" bev="0" fileid="1" />
                <SequencePoint vc="30" uspid="1391" ordinal="0" offset="13" sl="33" sc="9" el="33" ec="9" bec="0" bev="0" fileid="1" />
                <SequencePoint vc="30" uspid="1392" ordinal="0" offset="21" sl="34" sc="9" el="34" ec="9" bec="0" bev="0" fileid="1" />
                <SequencePoint vc="30" uspid="1393" ordinal="0" offset="32" sl="35" sc="9" el="35" ec="9" bec="0" bev="0" fileid="1" />
                <SequencePoint vc="30" uspid="1394" ordinal="0" offset="45" sl="36" sc="9" el="36" ec="9" bec="0" bev="0" fileid="1" />
                <SequencePoint vc="760" uspid="1395" ordinal="0" offset="69" sl="40" sc="9" el="40" ec="9" bec="0" bev="0" fileid="1" />
                <SequencePoint vc="760" uspid="1396" ordinal="0" offset="70" sl="42" sc="13" el="42" ec="13" bec="0" bev="0" fileid="1" />
                <SequencePoint vc="760" uspid="1397" ordinal="0" offset="77" sl="45" sc="13" el="45" ec="13" bec="0" bev="0" fileid="1" />
                <SequencePoint vc="760" uspid="1398" ordinal="0" offset="90" sl="46" sc="17" el="46" ec="17" bec="0" bev="0" fileid="1" />
                <SequencePoint vc="760" uspid="1399" ordinal="0" offset="98" sl="48" sc="13" el="48" ec="13" bec="0" bev="0" fileid="1" />
                <SequencePoint vc="760" uspid="1400" ordinal="0" offset="106" sl="51" sc="13" el="51" ec="13" bec="0" bev="0" fileid="1" />
                <SequencePoint vc="20" uspid="1401" ordinal="0" offset="119" sl="52" sc="13" el="52" ec="13" bec="0" bev="0" fileid="1" />
                <SequencePoint vc="20" uspid="1402" ordinal="0" offset="120" sl="53" sc="17" el="53" ec="17" bec="0" bev="0" fileid="1" />
                <SequencePoint vc="20" uspid="1403" ordinal="0" offset="142" sl="54" sc="17" el="54" ec="17" bec="0" bev="0" fileid="1" />
                <SequencePoint vc="740" uspid="1404" ordinal="0" offset="183" sl="63" sc="13" el="63" ec="13" bec="0" bev="0" fileid="1" />
                <SequencePoint vc="740" uspid="1405" ordinal="0" offset="190" sl="66" sc="13" el="66" ec="13" bec="0" bev="0" fileid="1" />
                <SequencePoint vc="740" uspid="1406" ordinal="0" offset="191" sl="66" sc="38" el="66" ec="38" bec="0" bev="0" fileid="1" />
                <SequencePoint vc="10770" uspid="1407" ordinal="0" offset="204" sl="66" sc="22" el="66" ec="22" bec="0" bev="0" fileid="1" />
                <SequencePoint vc="10770" uspid="1408" ordinal="0" offset="213" sl="67" sc="13" el="67" ec="13" bec="0" bev="0" fileid="1" />
                <SequencePoint vc="10770" uspid="1409" ordinal="0" offset="214" sl="69" sc="17" el="69" ec="17" bec="0" bev="0" fileid="1" />
                <SequencePoint vc="4130" uspid="1410" ordinal="0" offset="244" sl="70" sc="21" el="70" ec="21" bec="0" bev="0" fileid="1" />
                <SequencePoint vc="6640" uspid="1411" ordinal="0" offset="249" sl="73" sc="17" el="73" ec="17" bec="0" bev="0" fileid="1" />
                <SequencePoint vc="6640" uspid="1412" ordinal="0" offset="266" sl="77" sc="17" el="77" ec="17" bec="0" bev="0" fileid="1" />
                <SequencePoint vc="1810" uspid="1413" ordinal="0" offset="297" sl="78" sc="17" el="78" ec="17" bec="0" bev="0" fileid="1" />
                <SequencePoint vc="1810" uspid="1414" ordinal="0" offset="298" sl="79" sc="21" el="79" ec="21" bec="0" bev="0" fileid="1" />
                <SequencePoint vc="1810" uspid="1415" ordinal="0" offset="307" sl="80" sc="21" el="80" ec="21" bec="0" bev="0" fileid="1" />
                <SequencePoint vc="1810" uspid="1416" ordinal="0" offset="322" sl="81" sc="21" el="81" ec="21" bec="0" bev="0" fileid="1" />
                <SequencePoint vc="1810" uspid="1417" ordinal="0" offset="344" sl="82" sc="21" el="82" ec="21" bec="0" bev="0" fileid="1" />
                <SequencePoint vc="1810" uspid="1418" ordinal="0" offset="352" sl="85" sc="21" el="85" ec="21" bec="0" bev="0" fileid="1" />
                <SequencePoint vc="1450" uspid="1419" ordinal="0" offset="369" sl="86" sc="25" el="86" ec="25" bec="0" bev="0" fileid="1" />
                <SequencePoint vc="1810" uspid="1420" ordinal="0" offset="378" sl="87" sc="17" el="87" ec="17" bec="0" bev="0" fileid="1" />
                <SequencePoint vc="6640" uspid="1421" ordinal="0" offset="379" sl="88" sc="13" el="88" ec="13" bec="0" bev="0" fileid="1" />
                <SequencePoint vc="11510" uspid="1422" ordinal="0" offset="380" sl="66" sc="35" el="66" ec="35" bec="0" bev="0" fileid="1" />
                <SequencePoint vc="740" uspid="1423" ordinal="0" offset="409" sl="89" sc="9" el="89" ec="9" bec="0" bev="0" fileid="1" />
                <SequencePoint vc="770" uspid="1424" ordinal="0" offset="410" sl="39" sc="9" el="39" ec="9" bec="0" bev="0" fileid="1" />
                <SequencePoint vc="10" uspid="1425" ordinal="0" offset="428" sl="92" sc="9" el="92" ec="9" bec="0" bev="0" fileid="1" />
                <SequencePoint vc="30" uspid="1426" ordinal="0" offset="433" sl="93" sc="5" el="93" ec="5" bec="0" bev="0" fileid="1" />
              </SequencePoints>
              <BranchPoints />
            </Method>
          </Methods>
        </Class>
        <Class>
          <Summary numSequencePoints="88" visitedSequencePoints="46" numBranchPoints="0" visitedBranchPoints="0" sequenceCoverage="52.27" branchCoverage="0.0" maxCyclomaticComplexity="0" minCyclomaticComplexity="0" maxCrapScore="0" minCrapScore="0" visitedClasses="1" numClasses="1" visitedMethods="1" numMethods="1" />
          <FullName>BLA</FullName>
          <Methods>
            <Method visited="true" cyclomaticComplexity="0" nPathComplexity="0" sequenceCoverage="52.27" branchCoverage="0" crapScore="0" isConstructor="false" isStatic="true" isGetter="false" isSetter="false">
              <Summary numSequencePoints="88" visitedSequencePoints="46" numBranchPoints="0" visitedBranchPoints="0" sequenceCoverage="52.27" branchCoverage="0" maxCyclomaticComplexity="0" minCyclomaticComplexity="0" maxCrapScore="0" minCrapScore="0" visitedClasses="0" numClasses="0" visitedMethods="1" numMethods="1" />
              <MetadataToken>100663391</MetadataToken>
              <Name>static System.Collections.Generic.List[Vector3Int] BLA::GenerateLine(Node, Node)</Name>
              <FileRef uid="2" />
              <SequencePoints>
                <SequencePoint vc="30" uspid="1427" ordinal="0" offset="0" sl="19" sc="5" el="19" ec="5" bec="0" bev="0" fileid="2" />
                <SequencePoint vc="30" uspid="1428" ordinal="0" offset="1" sl="20" sc="9" el="20" ec="9" bec="0" bev="0" fileid="2" />
                <SequencePoint vc="30" uspid="1429" ordinal="0" offset="8" sl="21" sc="9" el="21" ec="9" bec="0" bev="0" fileid="2" />
                <SequencePoint vc="30" uspid="1430" ordinal="0" offset="15" sl="23" sc="9" el="23" ec="9" bec="0" bev="0" fileid="2" />
                <SequencePoint vc="30" uspid="1431" ordinal="0" offset="23" sl="23" sc="30" el="23" ec="30" bec="0" bev="0" fileid="2" />
                <SequencePoint vc="30" uspid="1432" ordinal="0" offset="31" sl="23" sc="47" el="23" ec="47" bec="0" bev="0" fileid="2" />
                <SequencePoint vc="30" uspid="1433" ordinal="0" offset="40" sl="24" sc="9" el="24" ec="9" bec="0" bev="0" fileid="2" />
                <SequencePoint vc="30" uspid="1434" ordinal="0" offset="49" sl="24" sc="28" el="24" ec="28" bec="0" bev="0" fileid="2" />
                <SequencePoint vc="30" uspid="1435" ordinal="0" offset="58" sl="24" sc="43" el="24" ec="43" bec="0" bev="0" fileid="2" />
                <SequencePoint vc="30" uspid="1436" ordinal="0" offset="67" sl="26" sc="9" el="26" ec="9" bec="0" bev="0" fileid="2" />
                <SequencePoint vc="30" uspid="1437" ordinal="0" offset="78" sl="27" sc="9" el="27" ec="9" bec="0" bev="0" fileid="2" />
                <SequencePoint vc="30" uspid="1438" ordinal="0" offset="89" sl="28" sc="9" el="28" ec="9" bec="0" bev="0" fileid="2" />
                <SequencePoint vc="30" uspid="1439" ordinal="0" offset="101" sl="30" sc="9" el="30" ec="9" bec="0" bev="0" fileid="2" />
                <SequencePoint vc="30" uspid="1440" ordinal="0" offset="112" sl="31" sc="9" el="31" ec="9" bec="0" bev="0" fileid="2" />
                <SequencePoint vc="30" uspid="1441" ordinal="0" offset="123" sl="32" sc="9" el="32" ec="9" bec="0" bev="0" fileid="2" />
                <SequencePoint vc="30" uspid="1442" ordinal="0" offset="135" sl="35" sc="9" el="35" ec="9" bec="0" bev="0" fileid="2" />
                <SequencePoint vc="30" uspid="1443" ordinal="0" offset="141" sl="36" sc="9" el="36" ec="9" bec="0" bev="0" fileid="2" />
                <SequencePoint vc="30" uspid="1444" ordinal="0" offset="147" sl="37" sc="9" el="37" ec="9" bec="0" bev="0" fileid="2" />
                <SequencePoint vc="30" uspid="1445" ordinal="0" offset="153" sl="40" sc="9" el="40" ec="9" bec="0" bev="0" fileid="2" />
                <SequencePoint vc="30" uspid="1446" ordinal="0" offset="173" sl="41" sc="9" el="41" ec="9" bec="0" bev="0" fileid="2" />
                <SequencePoint vc="30" uspid="1447" ordinal="0" offset="182" sl="42" sc="9" el="42" ec="9" bec="0" bev="0" fileid="2" />
                <SequencePoint vc="30" uspid="1448" ordinal="0" offset="199" sl="45" sc="9" el="45" ec="9" bec="0" bev="0" fileid="2" />
                <SequencePoint vc="0" uspid="1449" ordinal="0" offset="226" sl="46" sc="9" el="46" ec="9" bec="0" bev="0" fileid="2" />
                <SequencePoint vc="0" uspid="1450" ordinal="0" offset="227" sl="47" sc="13" el="47" ec="13" bec="0" bev="0" fileid="2" />
                <SequencePoint vc="0" uspid="1451" ordinal="0" offset="234" sl="48" sc="13" el="48" ec="13" bec="0" bev="0" fileid="2" />
                <SequencePoint vc="0" uspid="1452" ordinal="0" offset="243" sl="50" sc="13" el="50" ec="13" bec="0" bev="0" fileid="2" />
                <SequencePoint vc="0" uspid="1453" ordinal="0" offset="244" sl="51" sc="17" el="51" ec="17" bec="0" bev="0" fileid="2" />
                <SequencePoint vc="0" uspid="1454" ordinal="0" offset="249" sl="52" sc="17" el="52" ec="17" bec="0" bev="0" fileid="2" />
                <SequencePoint vc="0" uspid="1455" ordinal="0" offset="263" sl="52" sc="30" el="52" ec="30" bec="0" bev="0" fileid="2" />
                <SequencePoint vc="0" uspid="1456" ordinal="0" offset="264" sl="52" sc="32" el="52" ec="32" bec="0" bev="0" fileid="2" />
                <SequencePoint vc="0" uspid="1457" ordinal="0" offset="269" sl="52" sc="45" el="52" ec="45" bec="0" bev="0" fileid="2" />
                <SequencePoint vc="0" uspid="1458" ordinal="0" offset="276" sl="52" sc="60" el="52" ec="60" bec="0" bev="0" fileid="2" />
                <SequencePoint vc="0" uspid="1459" ordinal="0" offset="277" sl="53" sc="17" el="53" ec="17" bec="0" bev="0" fileid="2" />
                <SequencePoint vc="0" uspid="1460" ordinal="0" offset="291" sl="53" sc="30" el="53" ec="30" bec="0" bev="0" fileid="2" />
                <SequencePoint vc="0" uspid="1461" ordinal="0" offset="292" sl="53" sc="32" el="53" ec="32" bec="0" bev="0" fileid="2" />
                <SequencePoint vc="0" uspid="1462" ordinal="0" offset="299" sl="53" sc="45" el="53" ec="45" bec="0" bev="0" fileid="2" />
                <SequencePoint vc="0" uspid="1463" ordinal="0" offset="306" sl="53" sc="60" el="53" ec="60" bec="0" bev="0" fileid="2" />
                <SequencePoint vc="0" uspid="1464" ordinal="0" offset="307" sl="54" sc="17" el="54" ec="17" bec="0" bev="0" fileid="2" />
                <SequencePoint vc="0" uspid="1465" ordinal="0" offset="314" sl="55" sc="17" el="55" ec="17" bec="0" bev="0" fileid="2" />
                <SequencePoint vc="0" uspid="1466" ordinal="0" offset="321" sl="56" sc="17" el="56" ec="17" bec="0" bev="0" fileid="2" />
                <SequencePoint vc="0" uspid="1467" ordinal="0" offset="338" sl="57" sc="13" el="57" ec="13" bec="0" bev="0" fileid="2" />
                <SequencePoint vc="0" uspid="1468" ordinal="0" offset="339" sl="49" sc="13" el="49" ec="13" bec="0" bev="0" fileid="2" />
                <SequencePoint vc="0" uspid="1469" ordinal="0" offset="353" sl="58" sc="9" el="58" ec="9" bec="0" bev="0" fileid="2" />
                <SequencePoint vc="30" uspid="1470" ordinal="0" offset="359" sl="60" sc="14" el="60" ec="14" bec="0" bev="0" fileid="2" />
                <SequencePoint vc="30" uspid="1471" ordinal="0" offset="386" sl="61" sc="9" el="61" ec="9" bec="0" bev="0" fileid="2" />
                <SequencePoint vc="30" uspid="1472" ordinal="0" offset="387" sl="62" sc="13" el="62" ec="13" bec="0" bev="0" fileid="2" />
                <SequencePoint vc="30" uspid="1473" ordinal="0" offset="394" sl="63" sc="13" el="63" ec="13" bec="0" bev="0" fileid="2" />
                <SequencePoint vc="180" uspid="1474" ordinal="0" offset="403" sl="65" sc="13" el="65" ec="13" bec="0" bev="0" fileid="2" />
                <SequencePoint vc="180" uspid="1475" ordinal="0" offset="404" sl="66" sc="17" el="66" ec="17" bec="0" bev="0" fileid="2" />
                <SequencePoint vc="180" uspid="1476" ordinal="0" offset="409" sl="67" sc="17" el="67" ec="17" bec="0" bev="0" fileid="2" />
                <SequencePoint vc="60" uspid="1477" ordinal="0" offset="423" sl="67" sc="30" el="67" ec="30" bec="0" bev="0" fileid="2" />
                <SequencePoint vc="60" uspid="1478" ordinal="0" offset="424" sl="67" sc="32" el="67" ec="32" bec="0" bev="0" fileid="2" />
                <SequencePoint vc="60" uspid="1479" ordinal="0" offset="429" sl="67" sc="45" el="67" ec="45" bec="0" bev="0" fileid="2" />
                <SequencePoint vc="60" uspid="1480" ordinal="0" offset="436" sl="67" sc="60" el="67" ec="60" bec="0" bev="0" fileid="2" />
                <SequencePoint vc="180" uspid="1481" ordinal="0" offset="437" sl="68" sc="17" el="68" ec="17" bec="0" bev="0" fileid="2" />
                <SequencePoint vc="180" uspid="1482" ordinal="0" offset="451" sl="68" sc="30" el="68" ec="30" bec="0" bev="0" fileid="2" />
                <SequencePoint vc="180" uspid="1483" ordinal="0" offset="452" sl="68" sc="32" el="68" ec="32" bec="0" bev="0" fileid="2" />
                <SequencePoint vc="180" uspid="1484" ordinal="0" offset="459" sl="68" sc="45" el="68" ec="45" bec="0" bev="0" fileid="2" />
                <SequencePoint vc="180" uspid="1485" ordinal="0" offset="466" sl="68" sc="60" el="68" ec="60" bec="0" bev="0" fileid="2" />
                <SequencePoint vc="180" uspid="1486" ordinal="0" offset="467" sl="69" sc="17" el="69" ec="17" bec="0" bev="0" fileid="2" />
                <SequencePoint vc="180" uspid="1487" ordinal="0" offset="474" sl="70" sc="17" el="70" ec="17" bec="0" bev="0" fileid="2" />
                <SequencePoint vc="180" uspid="1488" ordinal="0" offset="481" sl="71" sc="17" el="71" ec="17" bec="0" bev="0" fileid="2" />
                <SequencePoint vc="180" uspid="1489" ordinal="0" offset="498" sl="72" sc="13" el="72" ec="13" bec="0" bev="0" fileid="2" />
                <SequencePoint vc="210" uspid="1490" ordinal="0" offset="499" sl="64" sc="13" el="64" ec="13" bec="0" bev="0" fileid="2" />
                <SequencePoint vc="30" uspid="1491" ordinal="0" offset="513" sl="73" sc="9" el="73" ec="9" bec="0" bev="0" fileid="2" />
                <SequencePoint vc="0" uspid="1492" ordinal="0" offset="519" sl="76" sc="9" el="76" ec="9" bec="0" bev="0" fileid="2" />
                <SequencePoint vc="0" uspid="1493" ordinal="0" offset="520" sl="77" sc="13" el="77" ec="13" bec="0" bev="0" fileid="2" />
                <SequencePoint vc="0" uspid="1494" ordinal="0" offset="527" sl="78" sc="13" el="78" ec="13" bec="0" bev="0" fileid="2" />
                <SequencePoint vc="0" uspid="1495" ordinal="0" offset="536" sl="80" sc="13" el="80" ec="13" bec="0" bev="0" fileid="2" />
                <SequencePoint vc="0" uspid="1496" ordinal="0" offset="537" sl="81" sc="17" el="81" ec="17" bec="0" bev="0" fileid="2" />
                <SequencePoint vc="0" uspid="1497" ordinal="0" offset="544" sl="82" sc="17" el="82" ec="17" bec="0" bev="0" fileid="2" />
                <SequencePoint vc="0" uspid="1498" ordinal="0" offset="558" sl="82" sc="30" el="82" ec="30" bec="0" bev="0" fileid="2" />
                <SequencePoint vc="0" uspid="1499" ordinal="0" offset="559" sl="82" sc="32" el="82" ec="32" bec="0" bev="0" fileid="2" />
                <SequencePoint vc="0" uspid="1500" ordinal="0" offset="564" sl="82" sc="45" el="82" ec="45" bec="0" bev="0" fileid="2" />
                <SequencePoint vc="0" uspid="1501" ordinal="0" offset="571" sl="82" sc="60" el="82" ec="60" bec="0" bev="0" fileid="2" />
                <SequencePoint vc="0" uspid="1502" ordinal="0" offset="572" sl="83" sc="17" el="83" ec="17" bec="0" bev="0" fileid="2" />
                <SequencePoint vc="0" uspid="1503" ordinal="0" offset="586" sl="83" sc="30" el="83" ec="30" bec="0" bev="0" fileid="2" />
                <SequencePoint vc="0" uspid="1504" ordinal="0" offset="587" sl="83" sc="32" el="83" ec="32" bec="0" bev="0" fileid="2" />
                <SequencePoint vc="0" uspid="1505" ordinal="0" offset="592" sl="83" sc="45" el="83" ec="45" bec="0" bev="0" fileid="2" />
                <SequencePoint vc="0" uspid="1506" ordinal="0" offset="599" sl="83" sc="60" el="83" ec="60" bec="0" bev="0" fileid="2" />
                <SequencePoint vc="0" uspid="1507" ordinal="0" offset="600" sl="84" sc="17" el="84" ec="17" bec="0" bev="0" fileid="2" />
                <SequencePoint vc="0" uspid="1508" ordinal="0" offset="607" sl="85" sc="17" el="85" ec="17" bec="0" bev="0" fileid="2" />
                <SequencePoint vc="0" uspid="1509" ordinal="0" offset="614" sl="86" sc="17" el="86" ec="17" bec="0" bev="0" fileid="2" />
                <SequencePoint vc="0" uspid="1510" ordinal="0" offset="631" sl="87" sc="13" el="87" ec="13" bec="0" bev="0" fileid="2" />
                <SequencePoint vc="0" uspid="1511" ordinal="0" offset="632" sl="79" sc="13" el="79" ec="13" bec="0" bev="0" fileid="2" />
                <SequencePoint vc="0" uspid="1512" ordinal="0" offset="647" sl="88" sc="9" el="88" ec="9" bec="0" bev="0" fileid="2" />
                <SequencePoint vc="30" uspid="1513" ordinal="0" offset="648" sl="90" sc="9" el="90" ec="9" bec="0" bev="0" fileid="2" />
                <SequencePoint vc="30" uspid="1514" ordinal="0" offset="654" sl="91" sc="5" el="91" ec="5" bec="0" bev="0" fileid="2" />
              </SequencePoints>
              <BranchPoints />
            </Method>
          </Methods>
        </Class>
        <Class>
          <Summary numSequencePoints="41" visitedSequencePoints="38" numBranchPoints="0" visitedBranchPoints="0" sequenceCoverage="92.68" branchCoverage="0.0" maxCyclomaticComplexity="0" minCyclomaticComplexity="0" maxCrapScore="0" minCrapScore="0" visitedClasses="1" numClasses="1" visitedMethods="2" numMethods="2" />
          <FullName>GBFS</FullName>
          <Methods>
            <Method visited="true" cyclomaticComplexity="0" nPathComplexity="0" sequenceCoverage="88.89" branchCoverage="0" crapScore="0" isConstructor="false" isStatic="true" isGetter="false" isSetter="false">
              <Summary numSequencePoints="9" visitedSequencePoints="8" numBranchPoints="0" visitedBranchPoints="0" sequenceCoverage="88.89" branchCoverage="0" maxCyclomaticComplexity="0" minCyclomaticComplexity="0" maxCrapScore="0" minCrapScore="0" visitedClasses="0" numClasses="0" visitedMethods="1" numMethods="1" />
              <MetadataToken>100663393</MetadataToken>
              <Name>static PathResult GBFS::Navigate(Node, Node, System.Collections.Generic.HashSet[Node], System.Boolean)</Name>
              <FileRef uid="3" />
              <SequencePoints>
                <SequencePoint vc="20" uspid="1526" ordinal="0" offset="27" sl="7" sc="5" el="7" ec="5" bec="0" bev="0" fileid="3" />
                <SequencePoint vc="20" uspid="1527" ordinal="0" offset="28" sl="8" sc="9" el="8" ec="9" bec="0" bev="0" fileid="3" />
                <SequencePoint vc="20" uspid="1528" ordinal="0" offset="33" sl="9" sc="9" el="9" ec="9" bec="0" bev="0" fileid="3" />
                <SequencePoint vc="20" uspid="1529" ordinal="0" offset="34" sl="10" sc="13" el="10" ec="13" bec="0" bev="0" fileid="3" />
                <SequencePoint vc="20" uspid="1530" ordinal="0" offset="65" sl="11" sc="13" el="11" ec="13" bec="0" bev="0" fileid="3" />
                <SequencePoint vc="20" uspid="1531" ordinal="0" offset="77" sl="12" sc="13" el="12" ec="13" bec="0" bev="0" fileid="3" />
                <SequencePoint vc="20" uspid="1532" ordinal="0" offset="89" sl="13" sc="13" el="13" ec="13" bec="0" bev="0" fileid="3" />
                <SequencePoint vc="0" uspid="1533" ordinal="0" offset="94" sl="15" sc="9" el="15" ec="9" bec="0" bev="0" fileid="3" />
                <SequencePoint vc="20" uspid="1534" ordinal="0" offset="121" sl="16" sc="5" el="16" ec="5" bec="0" bev="0" fileid="3" />
              </SequencePoints>
              <BranchPoints />
            </Method>
            <Method visited="true" cyclomaticComplexity="0" nPathComplexity="0" sequenceCoverage="93.75" branchCoverage="0" crapScore="0" isConstructor="false" isStatic="true" isGetter="false" isSetter="false">
              <Summary numSequencePoints="32" visitedSequencePoints="30" numBranchPoints="0" visitedBranchPoints="0" sequenceCoverage="93.75" branchCoverage="0" maxCyclomaticComplexity="0" minCyclomaticComplexity="0" maxCrapScore="0" minCrapScore="0" visitedClasses="0" numClasses="0" visitedMethods="1" numMethods="1" />
              <MetadataToken>100663394</MetadataToken>
              <Name>static PathResult GBFS::FindPath(Node, Node, System.Collections.Generic.HashSet[Node])</Name>
              <FileRef uid="3" />
              <SequencePoints>
                <SequencePoint vc="20" uspid="1535" ordinal="0" offset="0" sl="19" sc="5" el="19" ec="5" bec="0" bev="0" fileid="3" />
                <SequencePoint vc="20" uspid="1536" ordinal="0" offset="1" sl="20" sc="9" el="20" ec="9" bec="0" bev="0" fileid="3" />
                <SequencePoint vc="20" uspid="1537" ordinal="0" offset="7" sl="21" sc="9" el="21" ec="9" bec="0" bev="0" fileid="3" />
                <SequencePoint vc="20" uspid="1538" ordinal="0" offset="13" sl="24" sc="9" el="24" ec="9" bec="0" bev="0" fileid="3" />
                <SequencePoint vc="160" uspid="1539" ordinal="0" offset="26" sl="27" sc="9" el="27" ec="9" bec="0" bev="0" fileid="3" />
                <SequencePoint vc="160" uspid="1540" ordinal="0" offset="27" sl="29" sc="13" el="29" ec="13" bec="0" bev="0" fileid="3" />
                <SequencePoint vc="160" uspid="1541" ordinal="0" offset="34" sl="30" sc="13" el="30" ec="13" bec="0" bev="0" fileid="3" />
                <SequencePoint vc="160" uspid="1542" ordinal="0" offset="42" sl="31" sc="13" el="31" ec="13" bec="0" bev="0" fileid="3" />
                <SequencePoint vc="160" uspid="1543" ordinal="0" offset="50" sl="33" sc="13" el="33" ec="13" bec="0" bev="0" fileid="3" />
                <SequencePoint vc="20" uspid="1544" ordinal="0" offset="63" sl="34" sc="13" el="34" ec="13" bec="0" bev="0" fileid="3" />
                <SequencePoint vc="20" uspid="1545" ordinal="0" offset="64" sl="35" sc="17" el="35" ec="17" bec="0" bev="0" fileid="3" />
                <SequencePoint vc="20" uspid="1546" ordinal="0" offset="86" sl="36" sc="17" el="36" ec="17" bec="0" bev="0" fileid="3" />
                <SequencePoint vc="140" uspid="1547" ordinal="0" offset="127" sl="45" sc="13" el="45" ec="13" bec="0" bev="0" fileid="3" />
                <SequencePoint vc="140" uspid="1548" ordinal="0" offset="134" sl="46" sc="13" el="46" ec="13" bec="0" bev="0" fileid="3" />
                <SequencePoint vc="140" uspid="1549" ordinal="0" offset="135" sl="46" sc="38" el="46" ec="38" bec="0" bev="0" fileid="3" />
                <SequencePoint vc="2260" uspid="1550" ordinal="0" offset="145" sl="46" sc="22" el="46" ec="22" bec="0" bev="0" fileid="3" />
                <SequencePoint vc="2260" uspid="1551" ordinal="0" offset="154" sl="47" sc="13" el="47" ec="13" bec="0" bev="0" fileid="3" />
                <SequencePoint vc="2260" uspid="1552" ordinal="0" offset="155" sl="49" sc="17" el="49" ec="17" bec="0" bev="0" fileid="3" />
                <SequencePoint vc="460" uspid="1553" ordinal="0" offset="181" sl="50" sc="21" el="50" ec="21" bec="0" bev="0" fileid="3" />
                <SequencePoint vc="1800" uspid="1554" ordinal="0" offset="183" sl="52" sc="17" el="52" ec="17" bec="0" bev="0" fileid="3" />
                <SequencePoint vc="960" uspid="1555" ordinal="0" offset="200" sl="53" sc="17" el="53" ec="17" bec="0" bev="0" fileid="3" />
                <SequencePoint vc="960" uspid="1556" ordinal="0" offset="201" sl="54" sc="21" el="54" ec="21" bec="0" bev="0" fileid="3" />
                <SequencePoint vc="960" uspid="1557" ordinal="0" offset="209" sl="55" sc="21" el="55" ec="21" bec="0" bev="0" fileid="3" />
                <SequencePoint vc="960" uspid="1558" ordinal="0" offset="224" sl="56" sc="21" el="56" ec="21" bec="0" bev="0" fileid="3" />
                <SequencePoint vc="960" uspid="1559" ordinal="0" offset="233" sl="57" sc="17" el="57" ec="17" bec="0" bev="0" fileid="3" />
                <SequencePoint vc="1800" uspid="1560" ordinal="0" offset="234" sl="58" sc="13" el="58" ec="13" bec="0" bev="0" fileid="3" />
                <SequencePoint vc="2400" uspid="1561" ordinal="0" offset="235" sl="46" sc="35" el="46" ec="35" bec="0" bev="0" fileid="3" />
                <SequencePoint vc="140" uspid="1562" ordinal="0" offset="261" sl="59" sc="9" el="59" ec="9" bec="0" bev="0" fileid="3" />
                <SequencePoint vc="160" uspid="1563" ordinal="0" offset="262" sl="26" sc="9" el="26" ec="9" bec="0" bev="0" fileid="3" />
                <SequencePoint vc="0" uspid="1564" ordinal="0" offset="280" sl="60" sc="9" el="60" ec="9" bec="0" bev="0" fileid="3" />
                <SequencePoint vc="0" uspid="1565" ordinal="0" offset="291" sl="61" sc="9" el="61" ec="9" bec="0" bev="0" fileid="3" />
                <SequencePoint vc="20" uspid="1566" ordinal="0" offset="296" sl="62" sc="5" el="62" ec="5" bec="0" bev="0" fileid="3" />
              </SequencePoints>
              <BranchPoints />
            </Method>
          </Methods>
        </Class>
        <Class>
          <Summary numSequencePoints="29" visitedSequencePoints="28" numBranchPoints="0" visitedBranchPoints="0" sequenceCoverage="96.55" branchCoverage="0.0" maxCyclomaticComplexity="0" minCyclomaticComplexity="0" maxCrapScore="0" minCrapScore="0" visitedClasses="1" numClasses="1" visitedMethods="4" numMethods="4" />
          <FullName>ILS</FullName>
          <Methods>
            <Method visited="true" cyclomaticComplexity="0" nPathComplexity="0" sequenceCoverage="100.0" branchCoverage="0" crapScore="0" isConstructor="false" isStatic="true" isGetter="false" isSetter="false">
              <Summary numSequencePoints="6" visitedSequencePoints="6" numBranchPoints="0" visitedBranchPoints="0" sequenceCoverage="100.0" branchCoverage="0" maxCyclomaticComplexity="0" minCyclomaticComplexity="0" maxCrapScore="0" minCrapScore="0" visitedClasses="0" numClasses="0" visitedMethods="1" numMethods="1" />
              <MetadataToken>100663395</MetadataToken>
              <Name>static PathResult ILS::Navigate(Grid3D, Node, Node, System.Int32, ILSAlgorithm)</Name>
              <FileRef uid="4" />
              <SequencePoints>
                <SequencePoint vc="20" uspid="1567" ordinal="0" offset="42" sl="9" sc="5" el="9" ec="5" bec="0" bev="0" fileid="4" />
                <SequencePoint vc="20" uspid="1568" ordinal="0" offset="43" sl="10" sc="9" el="10" ec="9" bec="0" bev="0" fileid="4" />
                <SequencePoint vc="20" uspid="1569" ordinal="0" offset="74" sl="39" sc="9" el="39" ec="9" bec="0" bev="0" fileid="4" />
                <SequencePoint vc="20" uspid="1570" ordinal="0" offset="86" sl="40" sc="9" el="40" ec="9" bec="0" bev="0" fileid="4" />
                <SequencePoint vc="20" uspid="1571" ordinal="0" offset="98" sl="41" sc="9" el="41" ec="9" bec="0" bev="0" fileid="4" />
                <SequencePoint vc="20" uspid="1572" ordinal="0" offset="102" sl="42" sc="5" el="42" ec="5" bec="0" bev="0" fileid="4" />
              </SequencePoints>
              <BranchPoints />
            </Method>
            <Method visited="true" cyclomaticComplexity="0" nPathComplexity="0" sequenceCoverage="100.0" branchCoverage="0" crapScore="0" isConstructor="false" isStatic="true" isGetter="false" isSetter="false">
              <Summary numSequencePoints="3" visitedSequencePoints="3" numBranchPoints="0" visitedBranchPoints="0" sequenceCoverage="100.0" branchCoverage="0" maxCyclomaticComplexity="0" minCyclomaticComplexity="0" maxCrapScore="0" minCrapScore="0" visitedClasses="0" numClasses="0" visitedMethods="1" numMethods="1" />
              <MetadataToken>100663396</MetadataToken>
              <Name>static System.Collections.Generic.List[Vector3Int] ILS::GenerateLine(Node, Node)</Name>
              <FileRef uid="4" />
              <SequencePoints>
                <SequencePoint vc="30" uspid="1573" ordinal="0" offset="0" sl="46" sc="5" el="46" ec="5" bec="0" bev="0" fileid="4" />
                <SequencePoint vc="30" uspid="1574" ordinal="0" offset="1" sl="47" sc="9" el="47" ec="9" bec="0" bev="0" fileid="4" />
                <SequencePoint vc="30" uspid="1575" ordinal="0" offset="11" sl="48" sc="5" el="48" ec="5" bec="0" bev="0" fileid="4" />
              </SequencePoints>
              <BranchPoints />
            </Method>
            <Method visited="true" cyclomaticComplexity="0" nPathComplexity="0" sequenceCoverage="100.0" branchCoverage="0" crapScore="0" isConstructor="false" isStatic="true" isGetter="false" isSetter="false">
              <Summary numSequencePoints="14" visitedSequencePoints="14" numBranchPoints="0" visitedBranchPoints="0" sequenceCoverage="100.0" branchCoverage="0" maxCyclomaticComplexity="0" minCyclomaticComplexity="0" maxCrapScore="0" minCrapScore="0" visitedClasses="0" numClasses="0" visitedMethods="1" numMethods="1" />
              <MetadataToken>100663398</MetadataToken>
              <Name>static System.Collections.Generic.HashSet[Node] ILS::DefineCorridor(System.Collections.Generic.List[Vector3Int], Grid3D, Node, Node, CorridorShape, System.Int32)</Name>
              <FileRef uid="4" />
              <SequencePoints>
                <SequencePoint vc="30" uspid="1590" ordinal="0" offset="0" sl="77" sc="5" el="77" ec="5" bec="0" bev="0" fileid="4" />
                <SequencePoint vc="30" uspid="1591" ordinal="0" offset="1" sl="78" sc="9" el="78" ec="9" bec="0" bev="0" fileid="4" />
                <SequencePoint vc="30" uspid="1592" ordinal="0" offset="7" sl="80" sc="9" el="80" ec="9" bec="0" bev="0" fileid="4" />
                <SequencePoint vc="30" uspid="1593" ordinal="0" offset="8" sl="80" sc="31" el="80" ec="31" bec="0" bev="0" fileid="4" />
                <SequencePoint vc="210" uspid="1594" ordinal="0" offset="17" sl="80" sc="18" el="80" ec="18" bec="0" bev="0" fileid="4" />
                <SequencePoint vc="210" uspid="1595" ordinal="0" offset="25" sl="81" sc="9" el="81" ec="9" bec="0" bev="0" fileid="4" />
                <SequencePoint vc="210" uspid="1596" ordinal="0" offset="26" sl="82" sc="13" el="82" ec="13" bec="0" bev="0" fileid="4" />
                <SequencePoint vc="210" uspid="1597" ordinal="0" offset="38" sl="83" sc="13" el="83" ec="13" bec="0" bev="0" fileid="4" />
                <SequencePoint vc="210" uspid="1598" ordinal="0" offset="46" sl="84" sc="9" el="84" ec="9" bec="0" bev="0" fileid="4" />
                <SequencePoint vc="240" uspid="1599" ordinal="0" offset="47" sl="80" sc="28" el="80" ec="28" bec="0" bev="0" fileid="4" />
                <SequencePoint vc="30" uspid="1600" ordinal="0" offset="73" sl="86" sc="9" el="86" ec="9" bec="0" bev="0" fileid="4" />
                <SequencePoint vc="30" uspid="1601" ordinal="0" offset="81" sl="87" sc="9" el="87" ec="9" bec="0" bev="0" fileid="4" />
                <SequencePoint vc="30" uspid="1602" ordinal="0" offset="89" sl="89" sc="9" el="89" ec="9" bec="0" bev="0" fileid="4" />
                <SequencePoint vc="30" uspid="1603" ordinal="0" offset="94" sl="90" sc="5" el="90" ec="5" bec="0" bev="0" fileid="4" />
              </SequencePoints>
              <BranchPoints />
            </Method>
            <Method visited="true" cyclomaticComplexity="0" nPathComplexity="0" sequenceCoverage="83.33" branchCoverage="0" crapScore="0" isConstructor="false" isStatic="true" isGetter="false" isSetter="false">
              <Summary numSequencePoints="6" visitedSequencePoints="5" numBranchPoints="0" visitedBranchPoints="0" sequenceCoverage="83.33" branchCoverage="0" maxCyclomaticComplexity="0" minCyclomaticComplexity="0" maxCrapScore="0" minCrapScore="0" visitedClasses="0" numClasses="0" visitedMethods="1" numMethods="1" />
              <MetadataToken>100663399</MetadataToken>
              <Name>static PathResult ILS::FindPath(Node, Node, System.Collections.Generic.HashSet[Node], ILSAlgorithm)</Name>
              <FileRef uid="4" />
              <SequencePoints>
                <SequencePoint vc="30" uspid="1604" ordinal="0" offset="0" sl="94" sc="5" el="94" ec="5" bec="0" bev="0" fileid="4" />
                <SequencePoint vc="30" uspid="1605" ordinal="0" offset="1" sl="95" sc="9" el="95" ec="9" bec="0" bev="0" fileid="4" />
                <SequencePoint vc="20" uspid="1606" ordinal="0" offset="16" sl="98" sc="17" el="98" ec="17" bec="0" bev="0" fileid="4" />
                <SequencePoint vc="10" uspid="1607" ordinal="0" offset="28" sl="100" sc="17" el="100" ec="17" bec="0" bev="0" fileid="4" />
                <SequencePoint vc="0" uspid="1608" ordinal="0" offset="40" sl="102" sc="17" el="102" ec="17" bec="0" bev="0" fileid="4" />
                <SequencePoint vc="30" uspid="1609" ordinal="0" offset="52" sl="104" sc="5" el="104" ec="5" bec="0" bev="0" fileid="4" />
              </SequencePoints>
              <BranchPoints />
            </Method>
          </Methods>
        </Class>
        <Class>
          <Summary numSequencePoints="9" visitedSequencePoints="9" numBranchPoints="0" visitedBranchPoints="0" sequenceCoverage="100.0" branchCoverage="0.0" maxCyclomaticComplexity="0" minCyclomaticComplexity="0" maxCrapScore="0" minCrapScore="0" visitedClasses="1" numClasses="1" visitedMethods="1" numMethods="1" />
          <FullName>PathfindingEvaluator</FullName>
          <Methods>
            <Method visited="true" cyclomaticComplexity="0" nPathComplexity="0" sequenceCoverage="100.0" branchCoverage="0" crapScore="0" isConstructor="false" isStatic="false" isGetter="false" isSetter="false">
              <Summary numSequencePoints="9" visitedSequencePoints="9" numBranchPoints="0" visitedBranchPoints="0" sequenceCoverage="100.0" branchCoverage="0" maxCyclomaticComplexity="0" minCyclomaticComplexity="0" maxCrapScore="0" minCrapScore="0" visitedClasses="0" numClasses="0" visitedMethods="1" numMethods="1" />
              <MetadataToken>100663401</MetadataToken>
              <Name>EvaluationResult PathfindingEvaluator::Evaluate()</Name>
              <FileRef uid="5" />
              <SequencePoints>
                <SequencePoint vc="10" uspid="1610" ordinal="0" offset="0" sl="13" sc="5" el="13" ec="5" bec="0" bev="0" fileid="5" />
                <SequencePoint vc="10" uspid="1611" ordinal="0" offset="1" sl="14" sc="9" el="14" ec="9" bec="0" bev="0" fileid="5" />
                <SequencePoint vc="10" uspid="1612" ordinal="0" offset="13" sl="16" sc="9" el="16" ec="9" bec="0" bev="0" fileid="5" />
                <SequencePoint vc="10" uspid="1613" ordinal="0" offset="42" sl="17" sc="9" el="17" ec="9" bec="0" bev="0" fileid="5" />
                <SequencePoint vc="10" uspid="1614" ordinal="0" offset="74" sl="18" sc="9" el="18" ec="9" bec="0" bev="0" fileid="5" />
                <SequencePoint vc="10" uspid="1615" ordinal="0" offset="103" sl="19" sc="9" el="19" ec="9" bec="0" bev="0" fileid="5" />
                <SequencePoint vc="10" uspid="1616" ordinal="0" offset="136" sl="21" sc="9" el="21" ec="9" bec="0" bev="0" fileid="5" />
                <SequencePoint vc="10" uspid="1617" ordinal="0" offset="172" sl="28" sc="9" el="28" ec="9" bec="0" bev="0" fileid="5" />
                <SequencePoint vc="10" uspid="1618" ordinal="0" offset="178" sl="29" sc="5" el="29" ec="5" bec="0" bev="0" fileid="5" />
              </SequencePoints>
              <BranchPoints />
            </Method>
          </Methods>
        </Class>
        <Class>
          <Summary numSequencePoints="3" visitedSequencePoints="3" numBranchPoints="0" visitedBranchPoints="0" sequenceCoverage="100.0" branchCoverage="0.0" maxCyclomaticComplexity="0" minCyclomaticComplexity="0" maxCrapScore="0" minCrapScore="0" visitedClasses="1" numClasses="1" visitedMethods="3" numMethods="3" />
          <FullName>PathfindingManager</FullName>
          <Methods>
            <Method visited="true" cyclomaticComplexity="0" nPathComplexity="0" sequenceCoverage="100.0" branchCoverage="0" crapScore="0" isConstructor="false" isStatic="false" isGetter="false" isSetter="false">
              <Summary numSequencePoints="1" visitedSequencePoints="1" numBranchPoints="0" visitedBranchPoints="0" sequenceCoverage="100.0" branchCoverage="0" maxCyclomaticComplexity="0" minCyclomaticComplexity="0" maxCrapScore="0" minCrapScore="0" visitedClasses="0" numClasses="0" visitedMethods="1" numMethods="1" />
              <MetadataToken>100663403</MetadataToken>
              <Name>PathResult PathfindingManager::RunAStar(Node, Node)</Name>
              <FileRef uid="6" />
              <SequencePoints>
                <SequencePoint vc="10" uspid="1624" ordinal="0" offset="0" sl="12" sc="57" el="12" ec="57" bec="0" bev="0" fileid="6" />
              </SequencePoints>
              <BranchPoints />
            </Method>
            <Method visited="true" cyclomaticComplexity="0" nPathComplexity="0" sequenceCoverage="100.0" branchCoverage="0" crapScore="0" isConstructor="false" isStatic="false" isGetter="false" isSetter="false">
              <Summary numSequencePoints="1" visitedSequencePoints="1" numBranchPoints="0" visitedBranchPoints="0" sequenceCoverage="100.0" branchCoverage="0" maxCyclomaticComplexity="0" minCyclomaticComplexity="0" maxCrapScore="0" minCrapScore="0" visitedClasses="0" numClasses="0" visitedMethods="1" numMethods="1" />
              <MetadataToken>100663404</MetadataToken>
              <Name>PathResult PathfindingManager::RunGBFS(Node, Node)</Name>
              <FileRef uid="6" />
              <SequencePoints>
                <SequencePoint vc="10" uspid="1625" ordinal="0" offset="0" sl="13" sc="56" el="13" ec="56" bec="0" bev="0" fileid="6" />
              </SequencePoints>
              <BranchPoints />
            </Method>
            <Method visited="true" cyclomaticComplexity="0" nPathComplexity="0" sequenceCoverage="100.0" branchCoverage="0" crapScore="0" isConstructor="false" isStatic="false" isGetter="false" isSetter="false">
              <Summary numSequencePoints="1" visitedSequencePoints="1" numBranchPoints="0" visitedBranchPoints="0" sequenceCoverage="100.0" branchCoverage="0" maxCyclomaticComplexity="0" minCyclomaticComplexity="0" maxCrapScore="0" minCrapScore="0" visitedClasses="0" numClasses="0" visitedMethods="1" numMethods="1" />
              <MetadataToken>100663405</MetadataToken>
              <Name>PathResult PathfindingManager::RunILS(Node, Node, ILSAlgorithm, System.Int32)</Name>
              <FileRef uid="6" />
              <SequencePoints>
                <SequencePoint vc="20" uspid="1626" ordinal="0" offset="0" sl="15" sc="9" el="15" ec="9" bec="0" bev="0" fileid="6" />
              </SequencePoints>
              <BranchPoints />
            </Method>
          </Methods>
        </Class>
        <Class>
          <Summary numSequencePoints="1" visitedSequencePoints="1" numBranchPoints="0" visitedBranchPoints="0" sequenceCoverage="100.0" branchCoverage="0.0" maxCyclomaticComplexity="0" minCyclomaticComplexity="0" maxCrapScore="0" minCrapScore="0" visitedClasses="1" numClasses="1" visitedMethods="1" numMethods="1" />
          <FullName>AStar/&lt;&gt;c__DisplayClass0_0</FullName>
          <Methods>
            <Method visited="true" cyclomaticComplexity="0" nPathComplexity="0" sequenceCoverage="100.0" branchCoverage="0" crapScore="0" isConstructor="false" isStatic="false" isGetter="false" isSetter="false">
              <Summary numSequencePoints="1" visitedSequencePoints="1" numBranchPoints="0" visitedBranchPoints="0" sequenceCoverage="100.0" branchCoverage="0" maxCyclomaticComplexity="0" minCyclomaticComplexity="0" maxCrapScore="0" minCrapScore="0" visitedClasses="0" numClasses="0" visitedMethods="1" numMethods="1" />
              <MetadataToken>100663461</MetadataToken>
              <Name>PathResult AStar/&lt;&gt;c__DisplayClass0_0::&lt;Navigate&gt;b__0()</Name>
              <FileRef uid="1" />
              <SequencePoints>
                <SequencePoint vc="30" uspid="1631" ordinal="0" offset="0" sl="16" sc="59" el="16" ec="59" bec="0" bev="0" fileid="1" />
              </SequencePoints>
              <BranchPoints />
            </Method>
          </Methods>
        </Class>
        <Class>
          <Summary numSequencePoints="1" visitedSequencePoints="1" numBranchPoints="0" visitedBranchPoints="0" sequenceCoverage="100.0" branchCoverage="0.0" maxCyclomaticComplexity="0" minCyclomaticComplexity="0" maxCrapScore="0" minCrapScore="0" visitedClasses="1" numClasses="1" visitedMethods="1" numMethods="1" />
          <FullName>GBFS/&lt;&gt;c__DisplayClass0_0</FullName>
          <Methods>
            <Method visited="true" cyclomaticComplexity="0" nPathComplexity="0" sequenceCoverage="100.0" branchCoverage="0" crapScore="0" isConstructor="false" isStatic="false" isGetter="false" isSetter="false">
              <Summary numSequencePoints="1" visitedSequencePoints="1" numBranchPoints="0" visitedBranchPoints="0" sequenceCoverage="100.0" branchCoverage="0" maxCyclomaticComplexity="0" minCyclomaticComplexity="0" maxCrapScore="0" minCrapScore="0" visitedClasses="0" numClasses="0" visitedMethods="1" numMethods="1" />
              <MetadataToken>100663463</MetadataToken>
              <Name>PathResult GBFS/&lt;&gt;c__DisplayClass0_0::&lt;Navigate&gt;b__0()</Name>
              <FileRef uid="3" />
              <SequencePoints>
                <SequencePoint vc="20" uspid="1632" ordinal="0" offset="0" sl="10" sc="59" el="10" ec="59" bec="0" bev="0" fileid="3" />
              </SequencePoints>
              <BranchPoints />
            </Method>
          </Methods>
        </Class>
        <Class>
          <Summary numSequencePoints="18" visitedSequencePoints="16" numBranchPoints="0" visitedBranchPoints="0" sequenceCoverage="88.89" branchCoverage="0.0" maxCyclomaticComplexity="0" minCyclomaticComplexity="0" maxCrapScore="0" minCrapScore="0" visitedClasses="1" numClasses="1" visitedMethods="1" numMethods="1" />
          <FullName>ILS/&lt;&gt;c__DisplayClass0_0</FullName>
          <Methods>
            <Method visited="true" cyclomaticComplexity="0" nPathComplexity="0" sequenceCoverage="88.89" branchCoverage="0" crapScore="0" isConstructor="false" isStatic="false" isGetter="false" isSetter="false">
              <Summary numSequencePoints="18" visitedSequencePoints="16" numBranchPoints="0" visitedBranchPoints="0" sequenceCoverage="88.89" branchCoverage="0" maxCyclomaticComplexity="0" minCyclomaticComplexity="0" maxCrapScore="0" minCrapScore="0" visitedClasses="0" numClasses="0" visitedMethods="1" numMethods="1" />
              <MetadataToken>100663465</MetadataToken>
              <Name>PathResult ILS/&lt;&gt;c__DisplayClass0_0::&lt;Navigate&gt;b__0()</Name>
              <FileRef uid="4" />
              <SequencePoints>
                <SequencePoint vc="20" uspid="1633" ordinal="0" offset="0" sl="11" sc="9" el="11" ec="9" bec="0" bev="0" fileid="4" />
                <SequencePoint vc="20" uspid="1634" ordinal="0" offset="1" sl="12" sc="13" el="12" ec="13" bec="0" bev="0" fileid="4" />
                <SequencePoint vc="20" uspid="1635" ordinal="0" offset="3" sl="13" sc="13" el="13" ec="13" bec="0" bev="0" fileid="4" />
                <SequencePoint vc="20" uspid="1636" ordinal="0" offset="10" sl="14" sc="13" el="14" ec="13" bec="0" bev="0" fileid="4" />
                <SequencePoint vc="30" uspid="1637" ordinal="0" offset="17" sl="16" sc="13" el="16" ec="13" bec="0" bev="0" fileid="4" />
                <SequencePoint vc="30" uspid="1638" ordinal="0" offset="18" sl="17" sc="17" el="17" ec="17" bec="0" bev="0" fileid="4" />
                <SequencePoint vc="30" uspid="1639" ordinal="0" offset="36" sl="18" sc="17" el="18" ec="17" bec="0" bev="0" fileid="4" />
                <SequencePoint vc="30" uspid="1640" ordinal="0" offset="64" sl="19" sc="17" el="19" ec="17" bec="0" bev="0" fileid="4" />
                <SequencePoint vc="30" uspid="1641" ordinal="0" offset="91" sl="21" sc="17" el="21" ec="17" bec="0" bev="0" fileid="4" />
                <SequencePoint vc="20" uspid="1642" ordinal="0" offset="102" sl="22" sc="17" el="22" ec="17" bec="0" bev="0" fileid="4" />
                <SequencePoint vc="20" uspid="1643" ordinal="0" offset="103" sl="23" sc="21" el="23" ec="21" bec="0" bev="0" fileid="4" />
                <SequencePoint vc="10" uspid="1644" ordinal="0" offset="158" sl="32" sc="17" el="32" ec="17" bec="0" bev="0" fileid="4" />
                <SequencePoint vc="10" uspid="1645" ordinal="0" offset="162" sl="33" sc="17" el="33" ec="17" bec="0" bev="0" fileid="4" />
                <SequencePoint vc="10" uspid="1646" ordinal="0" offset="166" sl="34" sc="13" el="34" ec="13" bec="0" bev="0" fileid="4" />
                <SequencePoint vc="30" uspid="1647" ordinal="0" offset="167" sl="15" sc="13" el="15" ec="13" bec="0" bev="0" fileid="4" />
                <SequencePoint vc="0" uspid="1648" ordinal="0" offset="183" sl="35" sc="13" el="35" ec="13" bec="0" bev="0" fileid="4" />
                <SequencePoint vc="0" uspid="1649" ordinal="0" offset="194" sl="36" sc="13" el="36" ec="13" bec="0" bev="0" fileid="4" />
                <SequencePoint vc="20" uspid="1650" ordinal="0" offset="210" sl="37" sc="9" el="37" ec="9" bec="0" bev="0" fileid="4" />
              </SequencePoints>
              <BranchPoints />
            </Method>
          </Methods>
        </Class>
      </Classes>
    </Module>
  </Modules>
</CoverageSession>